SF:src/slurm_cli/__init__.py
DA:6,1
DA:8,1
DA:9,1
DA:10,0
DA:12,0
DA:14,1
DA:15,1
DA:17,1
LF:8
LH:6
end_of_record
SF:src/slurm_cli/cli.py
DA:24,1
DA:25,1
DA:26,1
DA:28,1
DA:29,1
DA:30,1
DA:33,1
DA:35,1
DA:37,1
DA:38,1
DA:41,1
DA:42,1
DA:43,1
DA:44,1
DA:49,1
DA:50,1
DA:55,1
DA:56,1
DA:57,1
DA:62,1
DA:63,1
DA:64,1
DA:65,1
DA:66,1
DA:67,1
DA:70,1
DA:72,1
DA:73,1
DA:74,1
DA:75,1
DA:77,1
DA:78,1
DA:81,1
DA:91,1
DA:92,1
DA:93,1
DA:94,1
DA:95,1
DA:96,0
DA:97,1
DA:98,0
DA:100,1
DA:103,1
DA:106,1
DA:107,1
DA:110,1
DA:130,1
DA:131,1
DA:134,1
DA:135,1
DA:136,1
DA:137,1
DA:138,0
DA:140,1
DA:141,0
DA:142,0
DA:143,0
DA:144,0
DA:145,0
DA:146,0
DA:149,0
DA:153,0
DA:155,1
DA:159,1
DA:505,1
DA:519,1
DA:520,1
DA:521,1
DA:522,1
DA:524,1
DA:525,1
DA:526,1
DA:527,1
DA:528,0
DA:531,1
DA:532,1
DA:533,1
DA:550,1
DA:553,1
DA:556,1
DA:557,1
DA:559,1
DA:560,1
DA:561,1
DA:562,1
DA:565,1
DA:568,1
DA:591,1
DA:598,1
DA:599,1
DA:600,1
DA:601,0
DA:607,1
DA:612,1
DA:620,1
DA:626,1
DA:632,1
DA:639,1
DA:644,1
DA:650,1
DA:656,1
DA:662,1
DA:665,1
DA:669,1
DA:670,1
DA:671,1
DA:674,1
DA:678,1
DA:679,1
DA:680,1
DA:683,1
DA:685,1
DA:686,1
DA:687,1
DA:690,1
DA:692,1
DA:693,1
DA:694,1
DA:697,1
DA:699,1
DA:702,1
DA:714,1
DA:715,1
DA:718,1
DA:719,1
DA:722,1
DA:725,1
DA:740,1
DA:741,1
DA:744,1
DA:748,1
DA:749,1
DA:750,1
DA:753,1
DA:757,1
DA:758,1
DA:759,1
DA:763,1
DA:789,1
DA:796,1
DA:807,1
DA:810,1
DA:811,1
DA:812,1
DA:815,1
DA:816,1
DA:818,0
DA:821,0
DA:825,0
DA:828,1
DA:831,1
DA:835,1
DA:836,1
DA:837,1
DA:838,1
DA:840,1
DA:841,1
DA:842,1
DA:843,1
DA:846,1
DA:847,1
DA:848,1
DA:849,1
DA:850,1
DA:853,1
DA:854,1
DA:855,1
DA:857,1
DA:858,1
DA:861,1
DA:863,1
DA:864,1
DA:868,1
DA:869,1
DA:873,1
DA:874,1
DA:879,1
DA:880,1
DA:883,1
DA:885,1
DA:888,1
DA:891,1
DA:900,1
DA:901,1
DA:902,1
DA:903,1
DA:904,1
DA:905,1
DA:906,1
DA:907,1
DA:908,1
DA:909,1
DA:910,1
DA:911,1
DA:912,1
DA:913,1
DA:914,1
DA:915,1
DA:916,1
DA:917,1
DA:918,1
DA:919,1
DA:920,1
DA:921,1
DA:922,1
DA:924,1
DA:925,1
DA:926,1
DA:930,1
DA:931,1
DA:932,1
DA:936,1
DA:937,1
DA:938,1
DA:942,1
DA:943,1
DA:944,1
DA:948,1
DA:949,1
DA:950,1
DA:954,1
DA:955,1
DA:956,1
DA:960,1
DA:961,1
DA:962,1
DA:966,1
DA:968,1
DA:971,1
DA:972,0
DA:974,1
DA:977,1
DA:981,1
DA:982,1
DA:986,1
DA:988,1
DA:991,1
DA:992,1
DA:993,1
DA:996,1
DA:1015,1
DA:1016,1
DA:1019,1
DA:1020,1
DA:1021,1
DA:1022,0
DA:1023,0
DA:1025,0
DA:1026,0
DA:1029,1
DA:1030,0
DA:1031,0
DA:1032,0
DA:1035,1
DA:1036,1
DA:1039,1
DA:1048,1
DA:1051,1
DA:1052,1
DA:1055,0
DA:1056,0
DA:1057,0
DA:1058,0
DA:1059,0
DA:1061,1
DA:1067,1
DA:1068,1
DA:1069,1
DA:1071,1
DA:1072,1
DA:1073,1
DA:1074,1
DA:1075,1
DA:1079,0
DA:1080,1
DA:1081,1
DA:1085,1
DA:1086,1
DA:1090,1
DA:1091,1
DA:1095,1
DA:1097,1
DA:1100,1
DA:1107,1
DA:1108,1
DA:1117,1
DA:1118,1
DA:1123,1
DA:1124,1
DA:1125,1
DA:1126,1
DA:1132,1
DA:1138,1
DA:1144,1
DA:1149,1
DA:1155,1
DA:1161,1
DA:1167,1
DA:1173,1
DA:1180,1
DA:1185,1
DA:1192,1
DA:1200,1
DA:1209,1
DA:1220,1
DA:1221,1
DA:1239,1
DA:1240,1
DA:1241,1
DA:1242,1
DA:1243,1
DA:1244,1
DA:1247,1
DA:1248,1
DA:1249,1
DA:1253,1
DA:1254,1
DA:1255,1
DA:1256,1
DA:1257,1
DA:1258,1
DA:1259,1
DA:1260,1
DA:1261,1
DA:1262,1
DA:1265,1
DA:1268,1
DA:1272,1
DA:1275,1
DA:1276,1
DA:1277,1
DA:1279,1
DA:1280,1
DA:1282,1
DA:1284,1
DA:1285,1
DA:1318,1
DA:1319,1
DA:1321,1
DA:1322,0
DA:1323,1
DA:1324,1
DA:1326,1
DA:1327,1
DA:1328,1
DA:1337,1
DA:1340,1
DA:1343,1
DA:1347,1
DA:1348,1
DA:1349,1
DA:1350,1
DA:1351,1
DA:1352,1
DA:1353,1
DA:1354,1
DA:1355,1
DA:1356,1
DA:1357,1
DA:1358,1
DA:1359,1
DA:1360,1
DA:1361,1
DA:1362,1
DA:1363,1
DA:1364,1
DA:1365,1
DA:1366,1
DA:1367,1
DA:1370,1
DA:1371,1
DA:1375,1
DA:1376,1
DA:1377,1
DA:1378,1
DA:1379,1
DA:1380,1
DA:1381,1
DA:1382,1
DA:1383,1
DA:1386,1
DA:1387,1
DA:1388,1
DA:1389,1
DA:1392,1
DA:1393,1
DA:1394,1
DA:1395,1
DA:1396,1
DA:1400,1
DA:1401,1
DA:1406,1
DA:1407,1
DA:1410,1
DA:1416,1
DA:1421,1
DA:1429,1
DA:1430,1
DA:1431,1
DA:1449,1
DA:1450,0
DA:1451,0
DA:1454,1
DA:1455,1
DA:1456,1
DA:1457,1
DA:1458,1
DA:1459,1
DA:1462,1
DA:1463,1
DA:1464,1
DA:1465,1
DA:1466,1
DA:1467,1
DA:1468,1
DA:1473,1
DA:1474,1
DA:1475,1
DA:1478,1
DA:1479,1
DA:1486,1
DA:1487,1
DA:1488,1
DA:1498,1
DA:1506,1
DA:1507,1
DA:1508,1
DA:1518,1
DA:1526,1
DA:1527,1
DA:1529,1
DA:1530,1
DA:1533,1
DA:1534,0
DA:1537,0
DA:1539,1
DA:1542,1
DA:1551,1
DA:1562,1
DA:1570,1
DA:1571,1
DA:1572,1
DA:1582,1
DA:1590,1
DA:1591,1
DA:1592,1
DA:1601,1
DA:1608,1
DA:1609,1
DA:1610,1
DA:1620,1
DA:1628,1
DA:1629,0
DA:1630,0
DA:1641,0
DA:1650,1
DA:1651,1
DA:1652,1
DA:1661,1
DA:1668,1
DA:1669,0
DA:1678,1
DA:1679,0
DA:1689,1
DA:1693,1
DA:1694,1
DA:1699,1
DA:1700,1
DA:1701,1
DA:1702,1
DA:1705,1
DA:1711,1
DA:1716,1
DA:1724,1
DA:1725,1
DA:1738,1
DA:1741,1
DA:1746,1
DA:1747,1
DA:1748,0
DA:1751,1
DA:1754,1
DA:1755,0
DA:1756,0
DA:1759,1
DA:1761,1
DA:1762,1
DA:1763,1
DA:1764,1
DA:1765,1
DA:1766,1
DA:1768,1
DA:1769,1
DA:1772,0
DA:1775,1
DA:1778,1
DA:1779,0
DA:1784,1
DA:1791,0
DA:1792,0
DA:1793,0
DA:1794,0
DA:1796,0
DA:1797,0
DA:1798,0
DA:1799,0
DA:1800,0
DA:1801,0
DA:1802,0
DA:1804,0
DA:1806,0
DA:1807,0
DA:1811,0
DA:1815,0
DA:1817,0
DA:1818,0
DA:1824,0
DA:1825,0
DA:1831,0
DA:1832,0
DA:1838,0
DA:1839,0
DA:1846,0
DA:1852,0
DA:1855,1
DA:1856,1
DA:1857,1
DA:1858,1
DA:1863,0
DA:1864,0
DA:1869,0
DA:1870,0
DA:1871,0
DA:1873,0
DA:1874,0
DA:1875,0
DA:1876,0
DA:1880,0
DA:1881,0
DA:1882,0
DA:1883,0
DA:1884,0
DA:1885,0
DA:1886,0
DA:1887,0
DA:1888,0
DA:1889,0
DA:1890,0
DA:1891,0
DA:1892,0
DA:1893,0
DA:1894,0
DA:1895,0
DA:1896,0
DA:1897,0
DA:1899,0
DA:1900,0
DA:1901,0
DA:1902,0
DA:1906,0
DA:1907,0
DA:1908,0
DA:1910,0
DA:1912,0
DA:1917,1
DA:1918,0
DA:1919,0
DA:1924,0
DA:1931,1
DA:1932,0
DA:1933,0
DA:1938,0
DA:1945,1
DA:1946,0
DA:1947,0
DA:1952,0
DA:1959,1
DA:1960,0
DA:1961,0
DA:1966,0
DA:1973,1
DA:1975,0
DA:1976,0
DA:1977,0
DA:1978,0
DA:1982,0
DA:1983,0
DA:1984,0
DA:1985,0
DA:1990,0
DA:1991,1
DA:1992,1
DA:1993,1
DA:1998,0
DA:1999,0
DA:2000,0
DA:2001,0
DA:2006,0
DA:2007,0
DA:2009,0
DA:2010,0
DA:2011,0
DA:2012,0
DA:2016,0
DA:2017,0
DA:2018,0
DA:2023,0
DA:2024,0
DA:2026,0
DA:2027,0
DA:2032,0
DA:2035,0
DA:2036,0
DA:2041,0
DA:2047,1
DA:2048,1
DA:2053,1
DA:2055,1
DA:2056,1
DA:2061,1
DA:2064,1
DA:2070,1
DA:2076,1
DA:2084,1
DA:2085,1
DA:2099,1
DA:2101,0
DA:2102,0
DA:2105,1
DA:2108,1
DA:2111,1
DA:2112,1
DA:2113,1
DA:2114,1
DA:2116,1
DA:2117,1
DA:2120,0
DA:2123,1
DA:2126,1
DA:2127,0
DA:2129,1
DA:2130,1
DA:2132,1
DA:2134,1
DA:2135,1
DA:2140,0
DA:2141,0
DA:2146,0
DA:2147,0
DA:2148,0
DA:2149,0
DA:2150,0
DA:2152,0
DA:2153,0
DA:2154,0
DA:2155,0
DA:2157,0
DA:2158,0
DA:2159,0
DA:2163,0
DA:2166,0
DA:2167,0
DA:2171,0
DA:2175,0
DA:2176,0
DA:2180,0
DA:2184,0
DA:2185,0
DA:2188,0
DA:2189,0
DA:2191,0
DA:2192,0
DA:2193,0
DA:2194,0
DA:2195,0
DA:2196,0
DA:2197,0
DA:2198,0
DA:2199,0
DA:2200,0
DA:2201,0
DA:2203,0
DA:2204,0
DA:2205,0
DA:2206,0
DA:2208,0
DA:2212,0
DA:2213,0
DA:2217,0
DA:2218,0
DA:2220,0
DA:2221,0
DA:2222,0
DA:2223,0
DA:2225,0
DA:2229,0
DA:2230,0
DA:2234,0
DA:2235,0
DA:2239,0
DA:2240,0
DA:2242,0
DA:2248,1
DA:2249,1
DA:2254,1
DA:2255,1
DA:2260,1
DA:2266,1
DA:2272,1
DA:2277,1
DA:2280,1
DA:2288,1
DA:2289,1
DA:2302,1
DA:2303,1
DA:2304,0
DA:2307,1
DA:2310,1
DA:2312,1
DA:2315,1
DA:2316,1
DA:2317,1
DA:2318,0
DA:2320,1
DA:2323,1
DA:2324,0
DA:2325,0
DA:2329,0
DA:2332,0
DA:2334,0
DA:2335,0
DA:2339,0
DA:2341,0
DA:2345,0
DA:2346,0
DA:2348,0
DA:2349,0
DA:2352,1
DA:2353,0
DA:2354,0
DA:2355,0
DA:2358,0
DA:2359,0
DA:2360,0
DA:2361,0
DA:2362,0
DA:2364,0
DA:2365,0
DA:2367,0
DA:2368,0
DA:2369,0
DA:2371,0
DA:2372,0
DA:2376,0
DA:2378,0
DA:2381,0
DA:2382,0
DA:2384,0
DA:2389,0
DA:2392,1
DA:2393,0
DA:2394,0
DA:2397,0
DA:2398,0
DA:2401,0
DA:2405,0
DA:2406,0
DA:2407,0
DA:2411,0
DA:2412,0
DA:2417,0
DA:2420,0
DA:2421,0
DA:2422,0
DA:2423,0
DA:2426,0
DA:2427,0
DA:2431,0
DA:2432,0
DA:2435,0
DA:2436,0
DA:2439,0
DA:2440,0
DA:2443,0
DA:2446,0
DA:2447,0
DA:2448,0
DA:2451,1
DA:2452,1
DA:2454,1
DA:2455,1
DA:2456,1
DA:2457,1
DA:2462,1
DA:2467,1
DA:2472,1
DA:2473,1
DA:2475,1
DA:2477,1
DA:2478,0
DA:2479,1
DA:2480,1
DA:2481,1
DA:2482,0
DA:2483,1
DA:2484,0
DA:2485,1
DA:2486,1
DA:2487,0
DA:2488,0
DA:2491,0
DA:2495,0
DA:2499,1
DA:2500,1
DA:2501,1
DA:2507,1
DA:2513,1
DA:2516,1
DA:2517,1
DA:2518,1
DA:2519,1
DA:2522,1
DA:2523,1
DA:2524,1
DA:2525,1
DA:2528,1
DA:2529,1
DA:2530,1
DA:2531,1
DA:2532,1
DA:2535,1
DA:2538,1
DA:2539,1
DA:2540,1
DA:2551,1
DA:2552,1
DA:2557,1
DA:2558,1
DA:2568,1
DA:2571,1
DA:2574,1
DA:3365,1
DA:3367,1
DA:3368,1
DA:3369,1
DA:3370,1
DA:3371,1
DA:3372,1
DA:3373,1
DA:3374,1
DA:3375,1
DA:3376,1
DA:3377,1
DA:3384,1
DA:3388,1
DA:3389,1
DA:3390,1
DA:3391,1
DA:3403,1
DA:3404,1
DA:3411,1
DA:3412,1
DA:3413,1
DA:3415,1
DA:3416,1
DA:3417,1
DA:3418,1
DA:3419,1
DA:3423,0
DA:3424,1
DA:3425,1
DA:3429,1
DA:3430,1
DA:3434,1
DA:3435,1
DA:3439,1
DA:3441,1
DA:3444,1
DA:3451,1
DA:3453,1
DA:3456,1
DA:3457,1
DA:3460,1
DA:3462,1
DA:3463,1
DA:3466,1
DA:3467,1
DA:3473,1
DA:3474,0
DA:3475,0
DA:3476,0
DA:3479,0
DA:3480,0
DA:3481,0
DA:3484,1
DA:3485,1
DA:3488,1
DA:3493,1
DA:3495,1
DA:3496,1
DA:3498,1
DA:3499,1
DA:3505,1
DA:3506,0
DA:3507,1
DA:3510,1
DA:3511,1
DA:3512,0
DA:3513,0
DA:3516,1
DA:3517,1
DA:3520,1
DA:3525,1
DA:3527,1
DA:3528,0
DA:3530,1
DA:3531,1
DA:3537,1
DA:3538,1
DA:3539,1
DA:3540,1
DA:3541,1
DA:3542,1
DA:3545,1
DA:3546,1
DA:3549,1
DA:3555,1
DA:3557,1
DA:3558,0
DA:3560,1
DA:3561,1
DA:3567,1
DA:3568,0
DA:3569,1
DA:3572,0
DA:3573,0
DA:3574,0
DA:3575,0
DA:3578,1
DA:3589,1
DA:3591,1
DA:3594,1
DA:3595,1
DA:3598,1
DA:3599,1
DA:3600,1
DA:3601,1
DA:3604,1
DA:3608,1
DA:3609,1
DA:3610,1
DA:3611,1
DA:3612,1
DA:3613,1
DA:3616,1
DA:3617,1
DA:3618,1
DA:3619,1
DA:3620,1
DA:3623,1
DA:3624,1
DA:3625,1
DA:3626,1
DA:3627,1
DA:3628,1
DA:3629,1
DA:3630,1
DA:3631,1
DA:3632,1
DA:3634,1
DA:3636,0
DA:3639,1
DA:3640,1
DA:3641,1
DA:3644,1
DA:3657,1
DA:3660,1
DA:3661,1
DA:3662,0
DA:3665,0
DA:3666,0
DA:3668,1
DA:3669,1
DA:3671,1
DA:3672,1
DA:3673,1
DA:3674,1
DA:3675,1
DA:3677,0
DA:3678,0
DA:3679,0
DA:3680,1
DA:3681,1
DA:3683,0
DA:3686,0
DA:3688,1
DA:3689,0
DA:3691,1
DA:3692,1
DA:3698,1
DA:3699,1
DA:3700,0
DA:3701,0
DA:3702,0
DA:3703,0
DA:3706,1
DA:3707,1
DA:3708,1
DA:3711,1
DA:3714,1
DA:3741,1
DA:3742,1
DA:3743,1
DA:3744,1
DA:3745,1
DA:3746,1
DA:3748,1
DA:3751,1
DA:3755,1
DA:3756,1
DA:3759,1
DA:3762,1
DA:3765,1
DA:3768,1
DA:3769,1
DA:3771,1
DA:3772,1
DA:3774,1
DA:3775,0
DA:3777,1
DA:3778,1
DA:3784,1
DA:3785,0
DA:3786,1
DA:3787,0
DA:3788,0
DA:3789,0
DA:3790,0
DA:3793,1
DA:3794,1
DA:3795,1
DA:3798,1
DA:3817,1
DA:3821,1
DA:3822,0
DA:3825,0
DA:3828,1
DA:3831,1
DA:3832,1
DA:3839,1
DA:3840,0
DA:3842,1
DA:3843,1
DA:3849,1
DA:3850,0
DA:3851,1
DA:3852,0
DA:3853,0
DA:3854,0
DA:3855,0
DA:3858,1
DA:3859,1
DA:3860,1
DA:3863,1
DA:3884,1
DA:3885,1
DA:3886,1
DA:3887,1
DA:3888,1
DA:3890,1
DA:3891,1
DA:3892,1
DA:3893,1
DA:3894,1
DA:3895,1
DA:3896,1
DA:3897,1
DA:3901,1
DA:3902,1
DA:3903,1
DA:3905,1
DA:3908,1
DA:3909,1
DA:3910,1
DA:3913,1
DA:3917,1
DA:3918,0
DA:3921,0
DA:3924,1
DA:3925,1
DA:3928,1
DA:3930,1
DA:3931,1
DA:3933,1
DA:3934,1
DA:3936,1
DA:3937,1
DA:3939,1
DA:3941,1
DA:3942,0
DA:3944,1
DA:3945,1
DA:3951,1
DA:3952,0
DA:3953,1
DA:3954,0
DA:3955,0
DA:3956,0
DA:3957,0
DA:3960,1
DA:3961,1
DA:3962,1
DA:3965,1
DA:3984,1
DA:3988,1
DA:3989,0
DA:3992,0
DA:3995,1
DA:3996,1
DA:3998,1
DA:4000,1
DA:4001,0
DA:4003,1
DA:4004,1
DA:4010,1
DA:4011,0
DA:4012,1
DA:4015,0
DA:4016,0
DA:4017,0
DA:4018,0
DA:4021,1
DA:4022,1
DA:4023,1
DA:4026,1
DA:4029,1
DA:4053,1
DA:4054,1
DA:4055,1
DA:4057,1
DA:4058,1
DA:4059,1
DA:4061,1
DA:4064,1
DA:4065,1
DA:4067,1
DA:4068,0
DA:4069,0
DA:4072,1
DA:4075,1
DA:4076,1
DA:4077,1
DA:4078,1
DA:4079,1
DA:4081,1
DA:4082,1
DA:4084,1
DA:4085,1
DA:4091,1
DA:4092,0
DA:4093,0
DA:4094,0
DA:4098,0
DA:4099,0
DA:4100,0
DA:4102,1
DA:4103,1
DA:4108,1
DA:4109,1
DA:4110,1
DA:4113,1
DA:4132,1
DA:4133,1
DA:4135,1
DA:4136,0
DA:4137,0
DA:4139,1
DA:4140,1
DA:4142,1
DA:4143,0
DA:4145,1
DA:4146,1
DA:4152,1
DA:4153,0
DA:4154,0
DA:4155,0
DA:4159,0
DA:4160,0
DA:4161,0
DA:4163,1
DA:4164,1
DA:4169,1
DA:4170,1
DA:4171,1
DA:4174,1
DA:4192,1
DA:4193,1
DA:4195,1
DA:4196,0
DA:4197,0
DA:4200,1
DA:4201,1
DA:4203,1
DA:4204,0
DA:4206,1
DA:4207,1
DA:4213,1
DA:4214,0
DA:4215,1
DA:4216,0
DA:4217,0
DA:4218,0
DA:4219,0
DA:4222,1
DA:4223,1
DA:4224,1
DA:4227,1
DA:4246,1
DA:4247,1
DA:4249,1
DA:4250,0
DA:4251,0
DA:4253,1
DA:4254,1
DA:4256,1
DA:4257,0
DA:4259,1
DA:4260,1
DA:4266,1
DA:4267,0
DA:4268,0
DA:4269,0
DA:4273,0
DA:4274,0
DA:4275,0
DA:4277,1
DA:4278,1
DA:4283,1
DA:4284,1
DA:4285,1
DA:4288,1
DA:4307,1
DA:4308,1
DA:4310,1
DA:4311,0
DA:4312,0
DA:4314,1
DA:4315,1
DA:4317,1
DA:4318,0
DA:4320,1
DA:4321,1
DA:4327,1
DA:4328,0
DA:4329,0
DA:4330,0
DA:4334,0
DA:4335,0
DA:4336,0
DA:4338,1
DA:4339,1
DA:4344,1
DA:4345,1
DA:4346,1
DA:4347,1
DA:4348,1
DA:4349,1
DA:4362,1
DA:4363,1
DA:4364,1
DA:4365,0
DA:4366,1
DA:4368,1
DA:4369,1
DA:4374,1
DA:4376,1
DA:4377,1
DA:4378,1
DA:4385,1
DA:4386,1
DA:4388,1
DA:4389,1
DA:4391,1
DA:4393,1
DA:4398,1
DA:4399,1
DA:4400,1
DA:4403,0
DA:4406,1
DA:4407,1
DA:4411,1
LF:1291
LH:906
FN:70,78,list_fields_callback
FNDA:1,list_fields_callback
FN:81,100,confirm_single_key
FNDA:1,confirm_single_key
FN:110,155,resolve_node_filters_in_options
FNDA:1,resolve_node_filters_in_options
FN:519,528,get_resource_choices
FNDA:1,get_resource_choices
FN:531,550,get_show_resource_choices
FNDA:1,get_show_resource_choices
FN:553,562,resolve_resource_alias
FNDA:1,resolve_resource_alias
FN:565,604,resolve_command_alias
FNDA:1,resolve_command_alias
FN:607,662,common_options
FNDA:1,common_options
FN:665,671,get_output_style
FNDA:1,get_output_style
FN:674,680,get_delimiter
FNDA:1,get_delimiter
FN:683,687,get_zebra
FNDA:1,get_zebra
FN:690,694,get_row_styles
FNDA:1,get_row_styles
FN:697,699,get_force_update
FNDA:1,get_force_update
FN:702,722,get_dry_run
FNDA:1,get_dry_run
FN:725,741,get_skip_confirm
FNDA:1,get_skip_confirm
FN:744,750,get_profile
FNDA:1,get_profile
FN:753,759,get_profile_str
FNDA:1,get_profile_str
FN:796,858,show_resource_help
FNDA:1,show_resource_help
FN:861,880,print_help
FNDA:1,print_help
FN:883,888,create_autocomplete
FNDA:1,create_autocomplete
FN:891,974,ensure_resource_name
FNDA:1,ensure_resource_name
FN:977,1036,show_command_help
FNDA:1,show_command_help
FN:1039,1118,show_command_help_with_resources
FNDA:1,show_command_help_with_resources
FN:1221,1265,main
FNDA:1,main
FN:1272,1280,CustomGroup.get_command
FNDA:1,CustomGroup.get_command
FN:1282,1333,CustomGroup.format_commands
FNDA:1,CustomGroup.format_commands
FN:1340,1396,register_commands
FNDA:1,register_commands
FN:1431,1689,show
FNDA:1,show
FN:1725,2043,update
FNDA:1,update
FN:2085,2244,create
FNDA:1,create
FN:2289,2495,delete
FNDA:1,delete
FN:2513,3384,autocomplete
FNDA:1,autocomplete
FN:3391,3453,list_resources
FNDA:1,list_resources
FN:3460,3481,version
FNDA:1,version
FN:3488,3513,reconfigure
FNDA:1,reconfigure
FN:3520,3542,ping
FNDA:1,ping
FN:3549,3575,takeover
FNDA:1,takeover
FN:3578,3636,parse_time_to_seconds
FNDA:1,parse_time_to_seconds
FN:3644,3703,token
FNDA:1,token
FN:3714,3790,drain
FNDA:1,drain
FN:3798,3855,undrain
FNDA:1,undrain
FN:3863,3957,reboot
FNDA:1,reboot
FN:3965,4018,cancel_reboot
FNDA:1,cancel_reboot
FN:4029,4105,hold
FNDA:1,hold
FN:4113,4166,release
FNDA:1,release
FN:4174,4219,top
FNDA:1,top
FN:4227,4280,requeue
FNDA:1,requeue
FN:4288,4341,suspend
FNDA:1,suspend
FN:4349,4407,help
FNDA:1,help
FNF:49
FNH:49
end_of_record
SF:src/slurm_cli/utils/__init__.py
end_of_record
SF:src/slurm_cli/utils/accounts.py
DA:3,1
DA:4,1
DA:5,1
DA:7,1
DA:8,1
DA:10,1
DA:11,1
DA:17,1
DA:21,1
DA:48,1
DA:49,1
DA:50,1
DA:51,1
DA:53,1
DA:54,1
DA:56,1
DA:63,1
DA:64,1
DA:66,1
DA:67,1
DA:69,1
DA:109,1
DA:111,1
DA:112,1
DA:116,1
DA:117,1
DA:118,1
DA:119,1
DA:121,1
DA:122,1
DA:128,1
DA:131,1
DA:132,1
DA:133,1
DA:134,1
DA:135,1
DA:139,1
DA:140,1
DA:163,1
DA:165,1
DA:167,1
DA:168,1
DA:169,1
DA:170,1
DA:171,1
DA:172,1
DA:173,1
DA:174,1
DA:179,1
DA:180,1
DA:181,1
DA:182,1
DA:183,1
DA:184,1
DA:186,0
DA:187,1
DA:189,1
DA:190,1
DA:196,1
DA:197,0
DA:198,1
DA:199,1
DA:202,1
DA:203,1
DA:207,1
DA:208,1
DA:211,1
DA:214,1
DA:222,1
DA:231,1
DA:232,1
DA:242,1
DA:251,1
DA:252,1
DA:255,1
DA:256,1
DA:258,1
DA:260,1
DA:261,1
DA:263,1
DA:265,1
DA:266,1
DA:267,1
DA:270,1
DA:271,1
DA:272,1
DA:274,1
DA:275,1
DA:281,1
DA:282,1
DA:283,1
DA:284,1
DA:286,1
DA:287,1
DA:299,1
DA:300,1
DA:305,1
DA:307,1
DA:308,1
DA:323,0
DA:324,0
DA:328,0
DA:329,0
DA:330,0
DA:333,0
DA:335,0
DA:336,0
DA:337,0
DA:340,0
DA:341,0
DA:342,0
DA:345,0
DA:346,0
DA:348,0
DA:351,0
DA:353,0
DA:354,0
DA:355,0
DA:356,0
DA:357,0
DA:358,0
DA:359,0
DA:362,0
DA:363,0
DA:364,0
DA:366,0
DA:367,0
DA:369,0
DA:371,1
DA:372,1
DA:395,1
DA:397,1
DA:404,1
DA:405,1
DA:406,1
DA:409,1
DA:410,1
DA:413,1
DA:415,1
DA:416,1
DA:418,0
DA:421,0
DA:422,0
DA:426,0
DA:429,1
DA:434,1
DA:435,1
DA:438,1
DA:441,1
DA:450,1
DA:452,0
DA:454,0
DA:455,0
DA:463,1
DA:465,0
DA:467,1
DA:469,1
DA:470,1
DA:471,1
DA:473,1
DA:474,1
DA:477,1
DA:478,1
DA:483,1
DA:484,1
DA:487,1
DA:488,1
DA:489,1
DA:492,1
DA:495,1
DA:498,1
DA:507,1
DA:508,1
DA:515,1
DA:516,1
DA:517,1
DA:518,1
DA:519,1
DA:521,1
DA:522,0
DA:523,1
DA:524,1
DA:526,1
DA:528,1
DA:529,1
DA:530,1
DA:533,1
DA:534,1
LF:188
LH:148
FN:49,51,Account.__init__
FNDA:1,Account.__init__
FN:54,61,Account.get_profile_fields
FNDA:1,Account.get_profile_fields
FN:64,109,Account.generate_autocomplete_options
FNDA:1,Account.generate_autocomplete_options
FN:112,137,Account.create
FNDA:1,Account.create
FN:140,205,Account.update
FNDA:1,Account.update
FN:208,211,Account.delete
FNDA:1,Account.delete
FN:232,258,Account._get_column_config
FNDA:1,Account._get_column_config
FN:261,272,Account._format_value
FNDA:1,Account._format_value
FN:275,284,Account._parse_filter
FNDA:1,Account._parse_filter
FN:287,305,Account._apply_filters
FNDA:1,Account._apply_filters
FN:308,369,Account._sort_hierarchically
FNDA:0,Account._sort_hierarchically
FN:353,364,Account._sort_hierarchically.add_account
FNDA:0,Account._sort_hierarchically.add_account
FN:372,536,Account.show
FNDA:1,Account.show
FNF:13
FNH:11
end_of_record
SF:src/slurm_cli/utils/associations.py
DA:3,1
DA:4,1
DA:5,1
DA:6,1
DA:8,1
DA:9,1
DA:10,1
DA:12,1
DA:13,1
DA:19,1
DA:22,1
DA:30,1
DA:60,1
DA:67,1
DA:72,1
DA:73,1
DA:74,1
DA:75,1
DA:77,1
DA:78,1
DA:80,1
DA:115,1
DA:116,1
DA:118,1
DA:121,1
DA:122,1
DA:125,1
DA:126,1
DA:128,1
DA:177,1
DA:180,1
DA:189,1
DA:207,1
DA:216,1
DA:217,1
DA:227,1
DA:236,1
DA:237,1
DA:239,0
DA:240,0
DA:243,1
DA:244,1
DA:246,1
DA:248,1
DA:249,1
DA:251,1
DA:253,1
DA:254,1
DA:255,1
DA:257,1
DA:258,1
DA:260,1
DA:261,1
DA:262,1
DA:263,1
DA:265,1
DA:266,1
DA:267,1
DA:269,1
DA:271,1
DA:272,1
DA:273,1
DA:274,1
DA:275,1
DA:276,1
DA:277,1
DA:278,1
DA:279,1
DA:280,1
DA:281,1
DA:282,1
DA:285,1
DA:286,1
DA:287,1
DA:290,1
DA:291,1
DA:292,1
DA:293,1
DA:295,1
DA:296,1
DA:302,1
DA:303,1
DA:304,1
DA:305,1
DA:307,1
DA:308,1
DA:320,1
DA:321,1
DA:326,1
DA:328,1
DA:329,1
DA:342,1
DA:343,1
DA:344,1
DA:345,1
DA:346,1
DA:348,1
DA:349,1
DA:356,1
DA:357,1
DA:359,1
DA:362,1
DA:363,1
DA:364,1
DA:365,1
DA:366,1
DA:369,1
DA:374,1
DA:377,1
DA:379,1
DA:380,1
DA:383,1
DA:384,1
DA:385,1
DA:386,1
DA:387,1
DA:388,1
DA:391,1
DA:394,1
DA:395,1
DA:396,1
DA:397,1
DA:398,1
DA:401,1
DA:402,1
DA:405,1
DA:406,1
DA:407,1
DA:409,1
DA:410,1
DA:412,1
DA:414,1
DA:415,1
DA:424,1
DA:428,1
DA:429,1
DA:430,1
DA:431,1
DA:432,1
DA:433,1
DA:434,1
DA:435,1
DA:436,1
DA:438,1
DA:439,1
DA:448,1
DA:449,1
DA:454,1
DA:455,1
DA:456,1
DA:457,1
DA:458,1
DA:461,1
DA:468,1
DA:470,1
DA:475,1
DA:476,1
DA:477,1
DA:478,1
DA:479,1
DA:480,1
DA:481,1
DA:482,1
DA:485,1
DA:490,1
DA:491,1
DA:492,1
DA:493,1
DA:494,1
DA:499,1
DA:504,1
DA:507,1
DA:510,1
DA:511,1
DA:512,1
DA:517,1
DA:522,1
DA:525,1
DA:526,1
DA:528,1
DA:529,1
DA:554,1
DA:556,1
DA:563,1
DA:564,1
DA:565,1
DA:568,1
DA:569,1
DA:572,1
DA:574,1
DA:575,1
DA:577,1
DA:580,1
DA:581,1
DA:585,1
DA:588,1
DA:593,1
DA:594,1
DA:598,1
DA:601,1
DA:609,1
DA:611,1
DA:615,1
DA:616,0
DA:624,1
DA:626,0
DA:630,1
DA:632,1
DA:633,1
DA:634,1
DA:636,1
DA:637,1
DA:640,1
DA:641,1
DA:642,1
DA:643,1
DA:645,1
DA:646,0
DA:647,1
DA:649,1
DA:650,1
DA:653,1
DA:654,0
DA:655,0
DA:658,0
DA:661,1
DA:664,1
DA:674,1
DA:675,1
DA:683,1
DA:684,1
DA:685,1
DA:686,1
DA:688,1
DA:689,1
DA:690,1
DA:691,1
DA:694,1
DA:695,1
DA:698,1
DA:699,1
DA:700,1
DA:702,1
DA:703,1
DA:704,1
DA:707,1
DA:708,1
DA:712,1
DA:713,1
DA:725,1
DA:726,1
DA:733,1
DA:734,1
DA:735,1
DA:737,1
DA:738,1
DA:744,1
DA:748,1
DA:749,1
DA:750,1
DA:751,1
DA:752,1
DA:757,1
DA:758,1
DA:777,1
DA:779,1
DA:780,1
DA:781,1
DA:782,1
DA:783,1
DA:784,1
DA:785,1
DA:789,1
DA:790,1
DA:791,1
DA:792,1
DA:793,1
DA:794,1
DA:795,1
DA:797,1
DA:798,1
DA:804,1
DA:805,0
DA:806,1
DA:807,1
DA:810,1
DA:811,1
DA:815,1
DA:816,1
DA:830,1
DA:831,1
DA:834,1
DA:837,1
DA:839,1
DA:840,1
DA:844,1
DA:847,1
DA:848,1
DA:850,1
DA:851,1
DA:854,1
DA:857,1
DA:858,1
DA:859,1
DA:860,1
LF:305
LH:296
FN:73,75,Association.__init__
FNDA:1,Association.__init__
FN:78,113,Association.get_profile_fields
FNDA:1,Association.get_profile_fields
FN:116,177,Association.generate_autocomplete_options
FNDA:1,Association.generate_autocomplete_options
FN:217,246,Association._get_column_config
FNDA:1,Association._get_column_config
FN:249,293,Association._format_value
FNDA:1,Association._format_value
FN:296,305,Association._parse_filter
FNDA:1,Association._parse_filter
FN:308,326,Association._apply_filters
FNDA:1,Association._apply_filters
FN:329,412,Association._sort_hierarchically
FNDA:1,Association._sort_hierarchically
FN:379,407,Association._sort_hierarchically.add_account
FNDA:1,Association._sort_hierarchically.add_account
FN:415,526,Association._show_tree
FNDA:1,Association._show_tree
FN:470,507,Association._show_tree.add_children_to_node
FNDA:1,Association._show_tree.add_children_to_node
FN:529,710,Association.show
FNDA:1,Association.show
FN:713,755,Association.create
FNDA:1,Association.create
FN:758,813,Association.update
FNDA:1,Association.update
FN:816,862,Association.delete
FNDA:1,Association.delete
FNF:15
FNH:15
end_of_record
SF:src/slurm_cli/utils/autocomplete_helpers.py
DA:8,1
DA:14,1
LF:2
LH:2
FN:8,258,get_common_autocomplete_functions
FNDA:1,get_common_autocomplete_functions
FNF:1
FNH:1
end_of_record
SF:src/slurm_cli/utils/base_resource.py
DA:3,1
DA:4,1
DA:6,1
DA:8,1
DA:9,1
DA:12,1
DA:15,1
DA:16,1
DA:42,1
DA:45,1
DA:47,1
DA:48,1
DA:53,0
DA:55,1
DA:56,1
DA:64,1
DA:65,1
DA:66,1
DA:67,1
DA:68,1
DA:69,1
DA:70,1
DA:71,1
DA:74,1
DA:75,1
DA:78,1
DA:81,1
DA:82,1
DA:83,1
DA:84,1
DA:85,1
DA:86,1
DA:87,1
DA:90,1
DA:91,1
DA:92,1
DA:93,1
DA:94,1
DA:95,1
DA:96,1
DA:99,1
DA:100,1
DA:101,1
DA:102,1
DA:103,1
DA:104,1
DA:105,1
DA:106,1
DA:107,1
DA:111,1
DA:114,1
DA:115,1
DA:116,1
DA:119,1
DA:120,1
DA:121,1
DA:122,1
DA:123,1
DA:124,1
DA:127,1
DA:128,1
DA:129,1
DA:130,1
DA:135,1
DA:136,1
DA:138,1
DA:139,1
DA:142,1
DA:146,1
DA:148,1
DA:152,1
DA:153,1
DA:155,1
DA:156,1
DA:157,1
DA:158,1
DA:159,1
DA:161,1
DA:162,1
DA:164,1
DA:165,1
DA:168,1
DA:169,1
DA:170,1
DA:171,1
DA:182,1
DA:183,1
DA:184,1
DA:185,1
DA:187,1
DA:188,1
DA:189,1
DA:190,1
DA:191,1
DA:192,1
DA:193,1
DA:195,1
DA:196,1
DA:197,1
DA:198,1
DA:199,1
DA:201,1
DA:203,1
DA:205,1
DA:208,1
DA:210,1
DA:211,1
DA:213,1
DA:214,1
DA:215,1
DA:217,1
DA:218,1
DA:220,1
DA:221,1
DA:222,1
DA:223,1
DA:224,1
DA:225,1
DA:226,1
DA:227,1
DA:228,1
DA:230,1
DA:231,1
DA:232,1
DA:233,1
DA:234,1
DA:235,1
DA:236,1
DA:237,1
DA:238,1
DA:239,1
DA:240,1
DA:241,1
DA:242,1
DA:243,1
DA:244,1
DA:246,1
DA:247,1
DA:252,1
DA:253,1
DA:254,1
DA:255,1
DA:256,1
DA:257,1
DA:258,1
DA:259,1
DA:260,1
DA:261,1
DA:262,1
DA:263,1
DA:264,1
DA:273,1
DA:274,1
DA:275,1
DA:276,1
DA:277,1
DA:279,1
DA:280,1
DA:287,1
DA:288,1
DA:289,1
DA:290,1
DA:291,1
DA:292,1
DA:293,1
DA:294,1
DA:295,1
DA:296,1
DA:297,1
DA:298,1
DA:299,1
DA:300,1
DA:301,1
DA:303,1
DA:304,1
DA:305,1
DA:306,1
DA:307,1
DA:309,1
DA:310,1
DA:321,1
DA:322,1
DA:324,1
DA:326,1
DA:327,1
DA:328,1
DA:331,1
DA:332,1
DA:333,1
DA:335,1
DA:336,1
DA:337,1
DA:338,1
DA:340,1
DA:341,1
DA:342,1
LF:196
LH:195
FN:48,53,BaseSlurmResource.get_profile_fields
FNDA:0,BaseSlurmResource.get_profile_fields
FN:56,162,BaseSlurmResource._check_args
FNDA:1,BaseSlurmResource._check_args
FN:165,208,BaseSlurmResource._parse_time_value
FNDA:1,BaseSlurmResource._parse_time_value
FN:211,215,BaseSlurmResource.max_width
FNDA:1,BaseSlurmResource.max_width
FN:218,244,BaseSlurmResource.print_dict_pretty
FNDA:1,BaseSlurmResource.print_dict_pretty
FN:247,277,BaseSlurmResource.print_dict_pretty_def
FNDA:1,BaseSlurmResource.print_dict_pretty_def
FN:280,307,BaseSlurmResource.print_dict_pretty_flags_def
FNDA:1,BaseSlurmResource.print_dict_pretty_flags_def
FN:310,342,BaseSlurmResource.expand_nodenames
FNDA:1,BaseSlurmResource.expand_nodenames
FNF:8
FNH:7
end_of_record
SF:src/slurm_cli/utils/config.py
DA:3,1
DA:10,1
LF:2
LH:2
end_of_record
SF:src/slurm_cli/utils/coordinators.py
DA:3,1
DA:4,1
DA:5,1
DA:7,1
DA:8,1
DA:10,1
DA:11,1
DA:12,1
DA:15,1
DA:16,1
DA:17,1
DA:18,1
DA:20,1
DA:21,1
DA:23,1
DA:30,1
DA:31,1
DA:38,1
DA:40,1
DA:41,1
DA:43,1
DA:118,1
DA:120,1
DA:121,1
DA:136,1
DA:137,1
DA:142,1
DA:144,1
DA:145,1
DA:150,1
DA:152,1
DA:161,1
DA:162,1
DA:164,1
DA:165,1
DA:171,1
DA:175,1
DA:176,1
DA:177,1
DA:178,1
DA:183,1
DA:184,1
DA:196,1
DA:202,1
DA:203,1
DA:216,1
DA:217,1
DA:220,1
DA:222,1
DA:223,1
DA:232,1
DA:233,0
DA:235,1
DA:236,1
DA:242,1
DA:246,1
DA:247,0
DA:248,0
DA:249,0
DA:254,1
DA:255,1
DA:262,1
DA:263,1
DA:264,1
DA:265,1
DA:266,1
DA:275,1
DA:277,1
DA:278,1
DA:280,1
DA:281,1
DA:282,0
DA:283,1
DA:285,1
DA:286,1
DA:308,1
DA:317,1
DA:318,1
DA:321,1
DA:322,1
DA:323,1
DA:325,1
DA:326,1
DA:339,1
DA:340,1
DA:341,1
DA:344,1
DA:345,1
DA:348,1
DA:350,1
DA:351,1
DA:352,1
DA:355,1
DA:356,1
DA:358,1
DA:359,1
DA:360,1
DA:367,1
DA:373,1
DA:374,0
DA:378,0
DA:381,1
DA:382,0
DA:387,1
DA:388,1
DA:389,1
DA:391,1
DA:392,1
DA:393,1
DA:396,1
DA:399,1
DA:407,1
DA:408,1
DA:409,1
DA:412,1
DA:413,1
DA:414,1
DA:415,0
DA:416,1
DA:419,1
DA:421,1
DA:423,1
DA:424,1
LF:123
LH:114
FN:16,18,Coordinator.__init__
FNDA:1,Coordinator.__init__
FN:21,27,Coordinator.get_profile_fields
FNDA:1,Coordinator.get_profile_fields
FN:41,118,Coordinator.generate_autocomplete_options
FNDA:1,Coordinator.generate_autocomplete_options
FN:121,181,Coordinator.create
FNDA:1,Coordinator.create
FN:184,200,Coordinator.update
FNDA:1,Coordinator.update
FN:203,252,Coordinator.delete
FNDA:1,Coordinator.delete
FN:255,275,Coordinator._extract_coordinators
FNDA:1,Coordinator._extract_coordinators
FN:278,283,Coordinator._format_value
FNDA:1,Coordinator._format_value
FN:286,426,Coordinator.show
FNDA:1,Coordinator.show
FNF:9
FNH:9
end_of_record
SF:src/slurm_cli/utils/events.py
DA:3,1
DA:4,1
DA:5,1
DA:6,1
DA:7,1
DA:9,1
DA:10,1
DA:12,1
DA:13,1
DA:14,1
DA:15,1
DA:18,1
DA:26,0
DA:27,0
DA:28,0
DA:29,0
DA:30,0
DA:32,0
DA:33,0
DA:34,0
DA:35,0
DA:36,0
DA:37,0
DA:39,0
DA:40,0
DA:41,0
DA:45,0
DA:47,0
DA:48,0
DA:52,1
DA:53,1
DA:54,1
DA:56,1
DA:59,1
DA:76,1
DA:93,1
DA:96,1
DA:97,1
DA:99,1
DA:100,1
DA:102,1
DA:119,1
DA:136,1
DA:145,1
DA:161,1
DA:162,1
DA:164,1
DA:165,1
DA:167,1
DA:168,0
DA:171,1
DA:173,1
DA:174,1
DA:175,1
DA:176,1
DA:179,1
DA:180,1
DA:181,0
DA:182,1
DA:183,1
DA:184,1
DA:185,1
DA:186,1
DA:187,1
DA:188,1
DA:190,1
DA:192,1
DA:193,1
DA:195,1
DA:196,1
DA:197,1
DA:198,1
DA:200,1
DA:201,1
DA:203,1
DA:204,1
DA:205,1
DA:206,1
DA:208,1
DA:209,1
DA:215,1
DA:217,1
DA:218,1
DA:220,1
DA:221,0
DA:226,1
DA:227,0
DA:232,1
DA:234,1
DA:236,0
DA:237,0
DA:242,1
DA:244,0
DA:247,0
DA:254,1
DA:259,1
DA:260,1
DA:265,1
DA:266,1
DA:271,0
DA:272,0
DA:277,0
DA:278,0
DA:279,0
DA:284,0
DA:285,0
DA:286,0
DA:291,0
DA:292,0
DA:293,0
DA:299,0
DA:300,0
DA:301,0
DA:308,0
DA:309,0
DA:312,0
DA:313,0
DA:317,1
DA:319,1
DA:320,1
DA:330,1
DA:331,1
DA:332,0
DA:334,1
DA:335,1
DA:336,0
DA:337,1
DA:338,0
DA:339,1
DA:340,0
DA:341,1
DA:343,1
DA:344,1
DA:348,1
DA:350,1
DA:351,0
DA:353,1
DA:361,1
DA:362,1
DA:364,1
DA:375,1
DA:377,1
DA:379,1
DA:380,1
DA:382,0
DA:383,0
DA:384,0
DA:386,0
DA:387,0
DA:388,0
DA:389,0
DA:391,0
DA:392,0
DA:393,0
DA:394,0
DA:395,0
DA:396,0
DA:398,1
DA:399,1
DA:408,1
DA:410,1
DA:411,0
DA:412,0
DA:413,0
DA:420,0
DA:421,0
DA:423,0
DA:425,0
DA:426,0
DA:429,0
DA:434,0
DA:435,0
DA:440,1
DA:441,1
DA:448,1
DA:450,1
DA:451,1
DA:473,1
DA:482,1
DA:483,0
DA:484,1
DA:485,1
DA:488,1
DA:489,1
DA:490,0
DA:493,1
DA:494,1
DA:496,1
DA:497,1
DA:498,1
DA:499,1
DA:500,1
DA:503,1
DA:504,1
DA:505,0
DA:506,0
DA:508,0
DA:509,0
DA:510,0
DA:511,0
DA:513,0
DA:517,0
DA:520,1
DA:521,1
DA:522,0
DA:524,1
DA:525,1
DA:528,1
DA:530,1
DA:531,0
DA:532,0
DA:533,1
DA:534,0
DA:535,0
DA:538,1
DA:540,1
DA:558,1
DA:561,1
DA:563,1
DA:564,1
DA:566,1
DA:567,0
DA:568,0
DA:572,1
DA:573,1
DA:575,1
DA:576,0
DA:579,0
DA:582,1
DA:583,0
DA:586,1
DA:587,1
DA:588,1
DA:590,1
DA:591,1
DA:592,1
DA:596,1
DA:599,1
DA:607,1
DA:608,1
DA:609,1
DA:612,1
DA:613,1
DA:614,1
DA:615,0
DA:616,1
DA:619,1
DA:621,1
DA:623,1
DA:624,1
DA:628,1
DA:629,1
DA:631,1
DA:633,1
DA:634,1
DA:636,1
DA:638,1
DA:639,1
DA:641,1
DA:643,1
DA:644,1
DA:646,1
DA:649,1
DA:651,1
DA:692,1
LF:265
LH:172
FN:18,48,expand_node_ranges
FNDA:0,expand_node_ranges
FN:96,97,Event.__init__
FNDA:1,Event.__init__
FN:100,116,Event.get_profile_fields
FNDA:1,Event.get_profile_fields
FN:162,190,Event._parse_events
FNDA:1,Event._parse_events
FN:193,198,Event._extract_cpus
FNDA:1,Event._extract_cpus
FN:201,206,Event._extract_nodes
FNDA:1,Event._extract_nodes
FN:209,317,Event._apply_filters
FNDA:1,Event._apply_filters
FN:320,341,Event._format_value
FNDA:1,Event._format_value
FN:344,377,Event._get_sacctmgr_command
FNDA:1,Event._get_sacctmgr_command
FN:380,396,Event._parse_json_events
FNDA:0,Event._parse_json_events
FN:399,448,Event._fetch_events
FNDA:1,Event._fetch_events
FN:451,626,Event.show
FNDA:1,Event.show
FN:629,631,Event.create
FNDA:1,Event.create
FN:634,636,Event.update
FNDA:1,Event.update
FN:639,641,Event.delete
FNDA:1,Event.delete
FN:644,692,Event.generate_autocomplete_options
FNDA:1,Event.generate_autocomplete_options
FNF:16
FNH:14
end_of_record
SF:src/slurm_cli/utils/job_filter.py
DA:24,1
DA:25,1
DA:26,1
DA:28,1
DA:31,1
DA:42,1
DA:53,1
DA:54,1
DA:55,1
DA:57,1
DA:58,0
DA:59,1
DA:62,1
DA:71,1
DA:72,1
DA:73,1
DA:74,1
DA:77,1
DA:89,1
DA:90,0
DA:92,1
DA:95,1
DA:96,1
DA:97,1
DA:98,1
DA:99,1
DA:100,1
DA:101,1
DA:102,1
DA:103,1
DA:104,1
DA:105,1
DA:106,1
DA:107,1
DA:108,1
DA:111,1
DA:114,1
DA:116,0
DA:117,0
DA:124,0
DA:125,0
DA:126,0
DA:127,0
DA:128,0
DA:129,0
DA:132,1
DA:134,1
DA:136,1
DA:143,1
DA:148,1
DA:149,0
DA:152,1
DA:153,1
DA:154,1
DA:155,0
DA:158,1
DA:161,1
DA:165,1
DA:166,1
DA:173,1
DA:178,1
DA:179,0
DA:183,1
DA:184,0
DA:185,0
DA:186,0
DA:189,0
DA:192,1
DA:196,1
DA:197,1
DA:204,1
DA:209,1
DA:210,0
DA:214,1
DA:215,0
DA:216,0
DA:217,0
DA:220,0
DA:223,1
DA:225,1
DA:226,1
DA:233,1
DA:238,1
DA:239,0
DA:242,1
DA:243,0
DA:244,0
DA:245,0
DA:248,0
DA:251,1
DA:253,1
DA:254,1
DA:261,1
DA:266,1
DA:267,0
DA:270,1
DA:271,0
DA:272,0
DA:273,0
DA:276,0
DA:279,1
DA:281,1
DA:282,1
DA:289,1
DA:294,1
DA:295,0
DA:298,1
DA:299,0
DA:300,0
DA:301,0
DA:304,0
DA:307,1
DA:311,1
DA:312,1
DA:319,1
DA:324,1
DA:325,0
DA:329,1
DA:330,0
DA:331,0
DA:332,0
DA:335,0
DA:338,1
DA:340,0
DA:341,0
DA:348,0
DA:353,0
DA:354,0
DA:355,0
DA:356,0
DA:357,0
DA:358,0
DA:361,0
DA:364,1
DA:382,1
DA:383,1
DA:384,1
DA:385,1
DA:387,1
DA:388,1
DA:389,0
DA:391,1
DA:394,1
DA:395,0
DA:396,0
DA:397,0
DA:398,0
DA:399,0
DA:400,0
DA:405,0
DA:406,1
DA:408,0
DA:409,0
DA:410,0
DA:411,0
DA:412,0
DA:416,1
DA:418,1
DA:419,1
DA:421,0
DA:424,1
DA:425,0
DA:426,0
DA:427,0
DA:428,0
DA:433,1
DA:435,1
DA:436,0
DA:440,1
DA:443,1
DA:461,1
DA:462,1
DA:464,1
DA:465,1
DA:466,0
DA:467,1
DA:470,1
DA:471,1
DA:472,1
DA:474,1
DA:475,1
DA:476,1
DA:478,1
DA:481,1
DA:482,1
DA:483,1
DA:484,1
DA:485,1
DA:486,1
DA:488,1
LF:190
LH:118
FN:42,59,is_job_filter
FNDA:1,is_job_filter
FN:62,74,parse_job_filter
FNDA:1,parse_job_filter
FN:77,111,resolve_job_filter
FNDA:1,resolve_job_filter
FN:114,129,_fetch_all_jobs
FNDA:0,_fetch_all_jobs
FN:132,158,_get_jobs_by_user
FNDA:1,_get_jobs_by_user
FN:161,189,_get_jobs_by_account
FNDA:1,_get_jobs_by_account
FN:192,220,_get_jobs_by_partition
FNDA:1,_get_jobs_by_partition
FN:223,248,_get_jobs_by_state
FNDA:1,_get_jobs_by_state
FN:251,276,_get_jobs_by_name
FNDA:1,_get_jobs_by_name
FN:279,304,_get_jobs_by_nodes
FNDA:1,_get_jobs_by_nodes
FN:307,335,_get_jobs_by_reservation
FNDA:1,_get_jobs_by_reservation
FN:338,361,_get_all_jobs
FNDA:0,_get_all_jobs
FN:364,440,resolve_job_filters
FNDA:1,resolve_job_filters
FN:443,488,resolve_job_ids
FNDA:1,resolve_job_ids
FNF:14
FNH:12
end_of_record
SF:src/slurm_cli/utils/jobs.py
DA:3,1
DA:4,1
DA:5,1
DA:6,1
DA:8,1
DA:9,1
DA:11,1
DA:12,1
DA:17,1
DA:20,1
DA:22,1
DA:23,1
DA:24,1
DA:25,1
DA:26,1
DA:27,0
DA:28,0
DA:31,1
DA:33,1
DA:34,1
DA:35,1
DA:36,1
DA:37,1
DA:38,1
DA:39,1
DA:40,1
DA:42,0
DA:45,1
DA:49,1
DA:77,1
DA:90,1
DA:115,1
DA:140,1
DA:152,1
DA:254,1
DA:271,1
DA:279,1
DA:280,0
DA:281,0
DA:283,1
DA:284,1
DA:286,1
DA:310,1
DA:311,1
DA:315,1
DA:317,1
DA:319,1
DA:320,1
DA:321,1
DA:322,0
DA:323,0
DA:324,0
DA:325,0
DA:327,1
DA:328,1
DA:332,1
DA:333,1
DA:334,1
DA:335,1
DA:336,1
DA:337,0
DA:338,0
DA:339,0
DA:340,1
DA:341,0
DA:342,1
DA:345,1
DA:346,1
DA:347,1
DA:348,1
DA:349,1
DA:351,1
DA:353,0
DA:358,1
DA:359,1
DA:360,0
DA:363,1
DA:364,1
DA:365,0
DA:368,1
DA:369,1
DA:370,1
DA:373,1
DA:374,1
DA:375,1
DA:376,1
DA:377,1
DA:378,1
DA:380,1
DA:382,0
DA:383,0
DA:386,1
DA:387,1
DA:389,1
DA:391,1
DA:427,1
DA:428,1
DA:434,1
DA:436,1
DA:437,1
DA:438,1
DA:440,1
DA:441,1
DA:446,1
DA:447,1
DA:452,1
DA:453,0
DA:458,1
DA:459,1
DA:464,1
DA:465,1
DA:470,0
DA:471,0
DA:476,0
DA:477,0
DA:482,0
DA:483,0
DA:489,1
DA:491,1
DA:492,1
DA:514,1
DA:523,1
DA:524,0
DA:525,1
DA:526,0
DA:529,1
DA:530,1
DA:531,1
DA:534,1
DA:535,1
DA:536,1
DA:537,1
DA:538,1
DA:539,1
DA:540,1
DA:543,0
DA:545,1
DA:547,1
DA:549,1
DA:550,0
DA:551,0
DA:554,1
DA:557,1
DA:558,1
DA:560,1
DA:561,0
DA:564,0
DA:567,1
DA:568,0
DA:571,1
DA:572,0
DA:573,1
DA:575,1
DA:576,1
DA:577,1
DA:578,1
DA:579,0
DA:581,0
DA:582,0
DA:585,0
DA:593,0
DA:594,0
DA:595,0
DA:600,0
DA:601,0
DA:602,0
DA:603,0
DA:604,0
DA:605,0
DA:607,0
DA:609,0
DA:610,0
DA:614,1
DA:615,1
DA:617,1
DA:622,1
DA:623,1
DA:627,1
DA:628,1
DA:629,1
DA:631,1
DA:632,1
DA:633,1
DA:634,1
DA:636,1
DA:637,1
DA:644,1
DA:645,0
DA:646,1
DA:647,1
DA:650,0
DA:651,0
DA:655,1
DA:656,1
DA:667,1
DA:669,0
DA:670,0
DA:671,0
DA:674,1
DA:675,0
DA:676,0
DA:677,0
DA:678,0
DA:680,0
DA:681,0
DA:683,0
DA:684,0
DA:687,0
DA:690,0
DA:691,0
DA:694,0
DA:695,1
DA:697,1
DA:699,1
DA:701,1
DA:702,1
DA:706,1
DA:707,0
DA:708,1
DA:709,1
DA:716,1
DA:717,0
DA:718,1
DA:719,1
DA:722,0
DA:723,0
DA:727,1
DA:728,1
DA:730,1
DA:731,1
DA:738,1
DA:739,0
DA:740,1
DA:741,1
DA:744,0
DA:745,0
DA:750,1
DA:751,1
DA:753,1
DA:756,1
DA:759,1
DA:760,1
DA:761,1
DA:762,1
DA:764,1
DA:765,1
DA:767,1
DA:768,1
DA:770,1
DA:833,1
LF:250
LH:175
FN:20,28,_format_timestamp
FNDA:1,_format_timestamp
FN:31,42,_format_duration
FNDA:1,_format_duration
FN:279,281,Job.__init__
FNDA:0,Job.__init__
FN:284,308,Job.get_profile_fields
FNDA:1,Job.get_profile_fields
FN:311,325,Job._fetch_jobs
FNDA:1,Job._fetch_jobs
FN:328,425,Job._normalize_job
FNDA:1,Job._normalize_job
FN:332,342,Job._normalize_job.get_value
FNDA:1,Job._normalize_job.get_value
FN:428,489,Job._apply_filters
FNDA:1,Job._apply_filters
FN:492,612,Job.show
FNDA:1,Job.show
FN:615,620,Job.create
FNDA:1,Job.create
FN:623,653,Job.update
FNDA:1,Job.update
FN:656,699,Job.delete
FNDA:1,Job.delete
FN:702,725,Job._cancel_jobs
FNDA:1,Job._cancel_jobs
FN:728,748,Job._cancel_by_user
FNDA:1,Job._cancel_by_user
FN:751,833,Job.generate_autocomplete_options
FNDA:1,Job.generate_autocomplete_options
FNF:15
FNH:14
end_of_record
SF:src/slurm_cli/utils/node_filter.py
DA:21,1
DA:22,1
DA:23,1
DA:24,1
DA:26,1
DA:29,1
DA:37,1
DA:47,1
DA:54,1
DA:55,1
DA:56,1
DA:58,1
DA:59,1
DA:61,1
DA:62,0
DA:63,1
DA:66,1
DA:79,1
DA:80,1
DA:82,1
DA:85,1
DA:86,1
DA:87,0
DA:88,1
DA:91,1
DA:92,1
DA:93,1
DA:94,1
DA:95,1
DA:96,1
DA:97,1
DA:98,1
DA:101,1
DA:104,1
DA:108,1
DA:109,1
DA:115,1
DA:116,1
DA:117,1
DA:118,1
DA:119,0
DA:122,1
DA:125,1
DA:126,1
DA:128,1
DA:130,1
DA:132,1
DA:133,0
DA:136,1
DA:137,1
DA:138,1
DA:139,0
DA:142,1
DA:143,0
DA:145,0
DA:148,1
DA:152,0
DA:153,0
DA:159,0
DA:160,0
DA:161,0
DA:164,0
DA:165,0
DA:166,0
DA:169,1
DA:171,1
DA:173,1
DA:179,1
DA:180,1
DA:181,1
DA:182,1
DA:183,1
DA:185,1
DA:186,1
DA:188,0
DA:190,1
DA:191,1
DA:192,1
DA:193,1
DA:194,1
DA:195,1
DA:196,0
DA:199,1
DA:200,1
DA:201,1
DA:202,0
DA:205,1
DA:206,0
DA:207,0
DA:210,1
DA:212,0
DA:213,0
DA:219,0
DA:220,0
DA:221,0
DA:222,0
DA:223,0
DA:224,0
DA:225,0
DA:228,0
DA:229,0
DA:230,0
DA:233,1
DA:235,1
DA:237,1
DA:243,1
DA:245,1
DA:246,1
DA:247,1
DA:248,1
DA:250,1
DA:251,1
DA:252,1
DA:254,1
DA:255,1
DA:256,0
DA:259,1
DA:260,1
DA:261,1
DA:262,0
DA:265,1
DA:266,0
DA:268,0
DA:271,1
DA:273,0
DA:274,0
DA:280,0
DA:281,0
DA:282,0
DA:283,0
DA:285,0
DA:286,0
DA:287,0
DA:290,0
DA:291,0
DA:292,0
DA:295,1
DA:299,1
DA:300,1
DA:306,1
DA:307,1
DA:308,1
DA:309,1
DA:310,0
DA:313,1
DA:315,1
DA:316,1
DA:317,0
DA:320,1
DA:321,1
DA:322,1
DA:323,0
DA:326,1
DA:327,0
DA:328,0
DA:331,1
DA:335,0
DA:336,0
DA:343,0
DA:344,0
DA:345,0
DA:346,0
DA:347,0
DA:348,0
DA:349,0
DA:350,0
DA:354,0
DA:355,0
DA:356,0
DA:357,0
DA:360,1
DA:370,1
DA:371,1
DA:372,1
DA:373,1
DA:376,1
DA:377,1
DA:378,1
DA:381,1
DA:383,0
DA:384,0
DA:390,0
DA:391,0
DA:392,0
DA:393,0
DA:394,0
DA:395,0
DA:399,1
DA:409,1
DA:411,1
DA:412,1
DA:413,1
DA:414,1
DA:416,1
DA:417,1
DA:418,1
DA:419,1
DA:420,0
DA:421,0
DA:422,0
DA:423,0
DA:424,1
DA:427,1
DA:432,1
DA:433,1
DA:434,1
DA:435,1
DA:436,1
DA:437,1
DA:438,1
DA:439,1
DA:440,1
DA:441,1
DA:442,1
DA:443,0
DA:444,0
DA:445,0
DA:446,0
DA:448,1
DA:450,1
DA:451,1
DA:452,1
DA:453,1
DA:456,1
DA:463,1
DA:464,0
DA:467,1
DA:468,1
DA:471,1
DA:472,1
DA:475,1
DA:476,1
DA:477,1
DA:478,0
DA:479,1
DA:480,1
DA:481,1
DA:482,1
DA:483,1
DA:484,1
DA:487,0
DA:489,1
DA:492,1
DA:509,1
DA:510,1
DA:511,1
DA:512,1
DA:514,1
DA:515,1
DA:516,0
DA:519,1
DA:521,0
DA:522,0
DA:523,0
DA:524,0
DA:525,0
DA:526,0
DA:530,1
DA:532,0
DA:533,0
DA:534,0
DA:536,0
DA:537,0
DA:538,0
DA:539,0
DA:540,0
DA:541,1
DA:543,1
DA:546,0
DA:549,1
DA:550,0
DA:553,1
DA:555,1
DA:556,0
DA:560,1
DA:563,1
DA:569,0
DA:570,0
DA:571,0
DA:573,0
LF:280
LH:172
FN:47,63,is_node_filter
FNDA:1,is_node_filter
FN:66,101,resolve_node_filter
FNDA:1,resolve_node_filter
FN:104,145,_get_nodes_by_partition
FNDA:1,_get_nodes_by_partition
FN:148,166,_get_nodes_by_partition_text
FNDA:0,_get_nodes_by_partition_text
FN:169,207,_get_nodes_by_state
FNDA:1,_get_nodes_by_state
FN:210,230,_get_nodes_by_state_text
FNDA:0,_get_nodes_by_state_text
FN:233,268,_get_nodes_by_user
FNDA:1,_get_nodes_by_user
FN:271,292,_get_nodes_by_user_text
FNDA:0,_get_nodes_by_user_text
FN:295,328,_get_nodes_by_reservation
FNDA:1,_get_nodes_by_reservation
FN:331,357,_get_nodes_by_reservation_text
FNDA:0,_get_nodes_by_reservation_text
FN:360,378,resolve_nodes_value
FNDA:1,resolve_nodes_value
FN:381,395,_get_all_nodes
FNDA:0,_get_all_nodes
FN:399,424,_expand_range
FNDA:1,_expand_range
FN:427,453,_split_hostlist
FNDA:1,_split_hostlist
FN:456,489,_expand_node_list
FNDA:1,_expand_node_list
FN:492,560,resolve_node_filters
FNDA:1,resolve_node_filters
FN:563,640,generate_node_filter_autocomplete
FNDA:0,generate_node_filter_autocomplete
FNF:17
FNH:11
end_of_record
SF:src/slurm_cli/utils/nodes.py
DA:3,1
DA:4,1
DA:5,1
DA:7,1
DA:8,1
DA:9,1
DA:11,1
DA:12,1
DA:17,1
DA:20,1
DA:21,1
DA:24,1
DA:31,1
DA:49,1
DA:61,1
DA:70,1
DA:82,1
DA:83,1
DA:93,1
DA:104,1
DA:114,1
DA:115,1
DA:116,1
DA:119,1
DA:127,1
DA:128,1
DA:130,1
DA:131,1
DA:135,1
DA:139,1
DA:142,1
DA:143,1
DA:144,1
DA:145,1
DA:147,1
DA:213,1
DA:215,1
DA:216,1
DA:218,1
DA:231,1
DA:232,1
DA:234,1
DA:235,1
DA:236,1
DA:238,1
DA:239,1
DA:249,1
DA:250,1
DA:251,0
DA:254,0
DA:257,0
DA:260,0
DA:263,1
DA:264,0
DA:267,0
DA:270,0
DA:273,1
DA:274,1
DA:275,1
DA:276,1
DA:278,1
DA:279,0
DA:281,1
DA:282,1
DA:288,1
DA:291,1
DA:292,1
DA:293,1
DA:294,1
DA:298,1
DA:299,1
DA:315,1
DA:316,0
DA:319,0
DA:322,0
DA:325,1
DA:326,1
DA:327,0
DA:330,0
DA:333,0
DA:336,1
DA:337,1
DA:338,0
DA:339,0
DA:342,0
DA:345,1
DA:346,1
DA:347,1
DA:348,1
DA:350,1
DA:351,0
DA:353,1
DA:354,1
DA:360,1
DA:363,1
DA:364,0
DA:365,0
DA:366,0
DA:370,1
DA:371,1
DA:376,1
DA:377,0
DA:380,0
DA:381,0
DA:383,1
DA:385,1
DA:386,0
DA:388,1
DA:389,1
DA:395,1
DA:398,1
DA:399,0
DA:400,0
DA:401,0
DA:405,1
DA:406,1
DA:420,1
DA:427,1
DA:428,1
DA:429,1
DA:432,1
DA:433,0
DA:434,0
DA:435,0
DA:437,1
DA:438,1
DA:439,1
DA:440,1
DA:442,1
DA:443,1
DA:444,1
DA:447,1
DA:449,0
DA:454,0
DA:458,0
DA:459,0
DA:462,0
DA:463,1
DA:467,0
DA:471,1
DA:472,1
DA:474,1
DA:475,1
DA:476,0
DA:477,0
DA:481,1
DA:482,1
DA:491,0
DA:492,0
DA:493,0
DA:495,0
DA:500,0
DA:501,0
DA:509,0
DA:510,0
DA:513,0
DA:514,0
DA:515,0
DA:518,0
DA:519,0
DA:520,0
DA:523,0
DA:524,0
DA:525,0
DA:526,0
DA:527,0
DA:528,0
DA:529,0
DA:530,0
DA:532,0
DA:533,0
DA:534,0
DA:536,0
DA:538,0
DA:541,0
DA:542,0
DA:544,0
DA:545,0
DA:547,0
DA:549,1
DA:550,1
DA:559,1
DA:560,1
DA:561,1
DA:564,1
DA:566,1
DA:568,1
DA:569,1
DA:575,1
DA:576,1
DA:578,1
DA:580,1
DA:583,1
DA:588,1
DA:589,0
DA:590,0
DA:591,0
DA:592,0
DA:593,0
DA:594,0
DA:595,0
DA:596,0
DA:597,0
DA:600,0
DA:601,0
DA:602,0
DA:605,1
DA:606,1
DA:607,1
DA:610,1
DA:623,1
DA:624,1
DA:625,1
DA:661,1
DA:662,1
DA:665,1
DA:670,1
DA:671,1
DA:674,1
DA:675,1
DA:676,1
DA:680,1
DA:682,1
DA:683,1
DA:690,1
DA:692,1
DA:696,1
DA:702,1
DA:706,1
DA:710,1
DA:721,1
DA:722,1
DA:723,1
DA:757,1
DA:758,1
LF:235
LH:152
FN:114,116,Node.__init__
FNDA:1,Node.__init__
FN:128,213,Node.generate_autocomplete_options
FNDA:1,Node.generate_autocomplete_options
FN:216,229,Node.get_profile_fields
FNDA:1,Node.get_profile_fields
FN:232,236,Node.max_width
FNDA:1,Node.max_width
FN:239,296,Node.create
FNDA:1,Node.create
FN:299,368,Node.update
FNDA:1,Node.update
FN:371,403,Node.delete
FNDA:1,Node.delete
FN:406,479,Node.show
FNDA:1,Node.show
FN:482,547,Node.show_columns
FNDA:0,Node.show_columns
FN:550,680,Node.show_csv
FNDA:1,Node.show_csv
FN:564,580,Node.show_csv.flatten_value
FNDA:1,Node.show_csv.flatten_value
FN:683,758,Node.show_one_pretty
FNDA:1,Node.show_one_pretty
FNF:12
FNH:11
end_of_record
SF:src/slurm_cli/utils/partitions.py
DA:3,1
DA:4,1
DA:5,1
DA:7,1
DA:8,1
DA:9,1
DA:11,1
DA:12,1
DA:19,1
DA:22,1
DA:23,1
DA:25,1
DA:26,1
DA:28,1
DA:46,1
DA:241,1
DA:275,1
DA:276,1
DA:277,1
DA:279,1
DA:280,1
DA:282,1
DA:283,1
DA:284,1
DA:286,1
DA:287,1
DA:291,1
DA:292,1
DA:293,1
DA:294,1
DA:295,0
DA:296,1
DA:299,1
DA:300,1
DA:304,1
DA:305,1
DA:309,1
DA:310,1
DA:311,1
DA:314,1
DA:322,1
DA:323,1
DA:329,1
DA:330,1
DA:331,1
DA:332,1
DA:336,1
DA:337,1
DA:342,1
DA:343,1
DA:347,1
DA:348,1
DA:349,1
DA:350,1
DA:351,0
DA:352,1
DA:355,1
DA:356,1
DA:357,1
DA:360,1
DA:361,1
DA:362,1
DA:368,1
DA:375,1
DA:376,1
DA:382,1
DA:383,1
DA:384,1
DA:385,1
DA:388,1
DA:389,1
DA:394,1
DA:395,1
DA:397,1
DA:402,1
DA:403,0
DA:404,1
DA:405,1
DA:411,1
DA:412,1
DA:413,1
DA:417,1
DA:418,1
DA:423,1
DA:424,1
DA:437,1
DA:446,1
DA:447,0
DA:448,0
DA:449,0
DA:451,1
DA:452,1
DA:453,1
DA:460,1
DA:466,1
DA:468,0
DA:471,0
DA:475,0
DA:476,0
DA:479,0
DA:480,1
DA:482,0
DA:483,1
DA:485,1
DA:486,1
DA:487,1
DA:489,1
DA:491,1
DA:492,1
DA:501,0
DA:502,0
DA:503,0
DA:505,0
DA:512,0
DA:513,0
DA:521,0
DA:522,0
DA:523,0
DA:524,0
DA:525,0
DA:526,0
DA:527,0
DA:528,0
DA:529,0
DA:530,0
DA:531,0
DA:532,0
DA:533,0
DA:534,0
DA:535,0
DA:536,0
DA:537,0
DA:540,0
DA:543,0
DA:544,0
DA:545,0
DA:547,0
DA:550,0
DA:551,0
DA:552,0
DA:553,0
DA:556,0
DA:557,0
DA:558,0
DA:559,0
DA:560,0
DA:561,0
DA:563,0
DA:564,0
DA:566,0
DA:568,1
DA:569,1
DA:577,1
DA:578,1
DA:579,1
DA:581,1
DA:587,1
DA:590,0
DA:591,0
DA:592,0
DA:593,0
DA:594,0
DA:595,0
DA:596,0
DA:597,0
DA:598,0
DA:599,0
DA:600,0
DA:601,0
DA:602,0
DA:603,0
DA:604,0
DA:605,0
DA:606,0
DA:609,0
DA:612,0
DA:613,0
DA:614,0
DA:616,0
DA:619,0
DA:622,0
DA:623,0
DA:624,0
DA:625,0
DA:626,0
DA:627,0
DA:629,0
DA:630,0
DA:633,1
DA:634,1
DA:635,1
DA:638,1
DA:645,1
DA:652,1
DA:653,1
DA:656,1
DA:657,1
DA:658,1
DA:661,1
DA:663,1
DA:664,1
DA:667,1
DA:668,1
DA:669,1
DA:670,1
DA:671,1
DA:673,1
DA:674,1
DA:690,1
DA:691,1
DA:693,1
DA:699,1
DA:700,1
DA:701,1
DA:702,1
DA:703,1
DA:704,1
DA:705,1
DA:708,1
DA:713,1
DA:714,1
DA:719,1
DA:725,1
DA:726,1
DA:727,1
DA:728,1
DA:729,1
DA:731,1
DA:736,1
DA:741,1
DA:746,1
DA:749,1
DA:750,1
DA:751,1
DA:754,1
DA:755,1
DA:760,1
DA:761,1
DA:763,1
DA:764,1
DA:766,1
DA:767,1
DA:768,1
DA:771,1
DA:772,1
DA:773,1
DA:778,1
DA:860,1
LF:248
LH:164
FN:26,44,Partition.get_profile_fields
FNDA:1,Partition.get_profile_fields
FN:275,277,Partition.__init__
FNDA:1,Partition.__init__
FN:280,284,Partition.max_width
FNDA:1,Partition.max_width
FN:287,340,Partition.create
FNDA:1,Partition.create
FN:343,392,Partition.update
FNDA:1,Partition.update
FN:395,421,Partition.delete
FNDA:1,Partition.delete
FN:424,489,Partition.show
FNDA:1,Partition.show
FN:492,566,Partition.show_columns
FNDA:0,Partition.show_columns
FN:569,661,Partition.show_csv
FNDA:1,Partition.show_csv
FN:664,676,Partition.show_pretty
FNDA:1,Partition.show_pretty
FN:691,758,Partition.show_one_pretty
FNDA:1,Partition.show_one_pretty
FN:761,860,Partition.generate_autocomplete_options
FNDA:1,Partition.generate_autocomplete_options
FNF:12
FNH:11
end_of_record
SF:src/slurm_cli/utils/profiles.py
DA:39,1
DA:40,1
DA:41,1
DA:42,1
DA:45,1
DA:51,1
DA:193,1
DA:434,1
DA:437,1
DA:438,1
DA:439,1
DA:441,1
DA:443,1
DA:444,1
DA:447,1
DA:450,1
DA:451,1
DA:452,1
DA:453,1
DA:454,1
DA:455,0
DA:457,0
DA:459,0
DA:464,1
DA:466,1
DA:484,1
DA:485,1
DA:487,1
DA:488,1
DA:491,1
DA:492,1
DA:493,1
DA:496,1
DA:498,1
DA:499,1
DA:500,1
DA:502,1
DA:504,1
DA:505,1
DA:508,1
DA:509,1
DA:512,1
DA:513,1
DA:514,1
DA:515,1
DA:516,1
DA:519,1
DA:520,1
DA:521,1
DA:522,1
DA:524,1
DA:528,1
DA:530,1
DA:538,1
DA:539,1
DA:541,1
DA:542,1
DA:543,1
DA:544,1
DA:546,1
DA:549,1
DA:550,1
DA:551,1
DA:553,1
DA:556,1
DA:558,1
DA:560,1
DA:562,1
DA:566,1
DA:567,1
DA:568,1
DA:570,1
DA:572,1
DA:576,1
DA:577,1
DA:582,1
DA:584,1
DA:586,1
DA:588,1
DA:589,1
DA:591,1
DA:595,1
DA:596,1
DA:597,1
DA:598,1
DA:600,1
DA:602,1
DA:603,1
DA:605,1
DA:615,1
DA:619,1
DA:620,1
DA:621,1
DA:622,1
DA:623,1
DA:625,1
DA:627,1
DA:629,1
DA:630,1
DA:631,1
DA:632,1
DA:633,1
DA:634,1
DA:635,1
DA:637,1
DA:638,1
DA:640,1
DA:641,1
DA:642,1
DA:643,1
DA:647,1
DA:651,1
DA:654,1
DA:657,1
DA:658,1
DA:659,1
DA:662,1
DA:681,1
DA:682,1
DA:684,1
DA:685,1
DA:687,1
DA:688,1
DA:689,1
DA:691,1
DA:692,1
DA:693,1
DA:694,1
DA:695,1
DA:696,1
DA:697,1
DA:698,1
DA:699,1
DA:700,1
DA:701,1
DA:702,1
DA:703,1
DA:704,1
DA:706,1
DA:708,1
DA:711,1
DA:726,1
DA:729,1
DA:730,1
DA:731,1
DA:732,1
DA:733,1
DA:734,1
DA:737,1
DA:738,1
DA:739,1
DA:741,1
DA:744,1
DA:759,1
DA:760,1
DA:763,1
DA:764,1
DA:765,1
DA:768,1
DA:769,1
DA:770,1
DA:771,1
DA:772,1
DA:774,1
DA:777,1
DA:792,1
DA:795,1
DA:796,1
DA:797,1
DA:798,1
DA:799,1
DA:800,1
DA:803,1
DA:804,1
DA:805,1
DA:807,1
DA:810,1
DA:826,1
DA:827,1
DA:831,1
DA:836,1
DA:839,1
DA:840,0
DA:844,1
DA:851,1
DA:854,1
DA:861,1
DA:864,1
DA:867,1
DA:896,1
DA:898,1
DA:903,1
DA:907,1
DA:910,1
DA:913,1
DA:917,1
DA:948,1
DA:970,1
DA:971,1
DA:972,1
DA:973,1
DA:974,1
DA:975,1
DA:976,1
DA:977,1
DA:978,1
DA:980,1
DA:981,1
DA:984,1
DA:985,1
DA:986,1
DA:987,0
DA:989,1
DA:992,1
DA:1015,1
DA:1020,1
DA:1024,1
DA:1025,1
DA:1026,1
DA:1027,1
DA:1030,1
DA:1031,1
DA:1034,1
DA:1036,1
DA:1039,1
DA:1041,1
DA:1042,1
DA:1043,1
DA:1045,1
DA:1046,1
DA:1049,1
DA:1050,1
DA:1053,1
DA:1054,1
DA:1055,1
DA:1057,1
DA:1058,1
DA:1059,1
DA:1060,1
DA:1061,1
DA:1063,1
DA:1065,1
DA:1068,1
DA:1078,1
DA:1079,1
DA:1081,1
DA:1084,1
DA:1090,1
DA:1091,1
DA:1092,1
DA:1093,1
DA:1094,1
DA:1095,1
DA:1096,1
DA:1097,1
DA:1098,1
DA:1099,1
DA:1101,1
DA:1117,1
DA:1120,1
DA:1123,1
DA:1124,1
DA:1125,1
DA:1128,1
DA:1138,1
DA:1152,1
DA:1153,1
DA:1154,1
DA:1155,1
DA:1156,1
DA:1158,1
DA:1159,1
DA:1160,1
DA:1161,1
DA:1164,1
DA:1166,1
DA:1167,1
DA:1168,1
DA:1169,1
DA:1170,1
DA:1171,1
DA:1172,1
DA:1173,1
DA:1174,1
DA:1175,1
DA:1176,1
DA:1177,1
DA:1178,1
DA:1179,1
DA:1180,1
DA:1181,1
DA:1182,1
DA:1185,1
DA:1187,1
DA:1190,1
DA:1192,1
DA:1194,1
DA:1195,1
DA:1197,1
DA:1198,1
DA:1199,1
DA:1200,1
DA:1201,1
DA:1202,1
DA:1204,1
DA:1205,1
DA:1206,1
DA:1207,1
DA:1208,1
DA:1209,1
DA:1210,1
DA:1213,1
DA:1214,1
DA:1215,1
DA:1216,1
DA:1217,1
DA:1218,1
DA:1221,1
DA:1238,1
DA:1239,1
DA:1241,1
DA:1242,1
DA:1244,1
DA:1245,1
DA:1247,1
DA:1248,1
DA:1249,1
DA:1251,1
DA:1253,1
DA:1256,1
DA:1279,1
DA:1280,1
DA:1283,1
DA:1285,1
DA:1290,1
DA:1293,1
DA:1315,1
DA:1317,1
DA:1318,1
DA:1320,1
DA:1322,1
DA:1323,1
DA:1324,1
DA:1325,1
DA:1327,1
DA:1329,1
DA:1331,1
DA:1332,1
DA:1333,1
DA:1335,0
DA:1336,1
DA:1337,1
DA:1338,1
DA:1339,1
DA:1341,1
DA:1344,1
DA:1345,1
DA:1348,1
DA:1349,1
DA:1351,1
DA:1352,1
DA:1353,1
DA:1354,1
DA:1355,1
DA:1358,1
DA:1360,1
LF:366
LH:360
FN:437,439,ProfileManager.__init__
FNDA:1,ProfileManager.__init__
FN:441,464,ProfileManager._load_profiles
FNDA:1,ProfileManager._load_profiles
FN:466,528,ProfileManager._parse_profile_file
FNDA:1,ProfileManager._parse_profile_file
FN:530,560,ProfileManager._set_nested_value
FNDA:1,ProfileManager._set_nested_value
FN:562,570,ProfileManager._merge_profiles
FNDA:1,ProfileManager._merge_profiles
FN:572,584,ProfileManager._deep_merge
FNDA:1,ProfileManager._deep_merge
FN:586,589,ProfileManager.get_profile
FNDA:1,ProfileManager.get_profile
FN:591,598,ProfileManager.get_resource_config
FNDA:1,ProfileManager.get_resource_config
FN:600,603,ProfileManager.list_profiles
FNDA:1,ProfileManager.list_profiles
FN:605,647,ProfileManager.parse_profile_string
FNDA:1,ProfileManager.parse_profile_string
FN:654,659,get_profile_manager
FNDA:1,get_profile_manager
FN:662,708,parse_columns_with_sort
FNDA:1,parse_columns_with_sort
FN:711,741,get_columns_for_resource
FNDA:1,get_columns_for_resource
FN:744,774,get_styles_for_resource
FNDA:1,get_styles_for_resource
FN:777,807,get_template_for_resource
FNDA:1,get_template_for_resource
FN:810,864,_normalize_profile_str
FNDA:1,_normalize_profile_str
FN:867,913,get_profile_config
FNDA:1,get_profile_config
FN:948,989,is_field_empty
FNDA:1,is_field_empty
FN:992,1065,format_with_template
FNDA:1,format_with_template
FN:1024,1034,format_with_template.replace_conditional
FNDA:1,format_with_template.replace_conditional
FN:1041,1063,format_with_template.replace_field
FNDA:1,format_with_template.replace_field
FN:1068,1081,extract_fields_from_template
FNDA:1,extract_fields_from_template
FN:1084,1112,_get_resource_fields
FNDA:1,_get_resource_fields
FN:1120,1125,get_resource_fields
FNDA:1,get_resource_fields
FN:1128,1182,show_profile_help
FNDA:1,show_profile_help
FN:1185,1187,is_profile_help
FNDA:1,is_profile_help
FN:1190,1218,show_all_profile_fields
FNDA:1,show_all_profile_fields
FN:1221,1253,sort_data
FNDA:1,sort_data
FN:1241,1251,sort_data.sort_key
FNDA:1,sort_data.sort_key
FN:1256,1290,sort_hierarchical_data
FNDA:1,sort_hierarchical_data
FN:1293,1360,_sort_with_depth
FNDA:1,_sort_with_depth
FN:1329,1339,_sort_with_depth.sort_key
FNDA:1,_sort_with_depth.sort_key
FN:1341,1358,_sort_with_depth.add_sorted_subtree
FNDA:1,_sort_with_depth.add_sorted_subtree
FNF:33
FNH:33
end_of_record
SF:src/slurm_cli/utils/qos.py
DA:3,1
DA:4,1
DA:5,1
DA:7,1
DA:8,1
DA:10,1
DA:11,1
DA:16,1
DA:19,1
DA:76,1
DA:91,1
DA:101,1
DA:102,1
DA:103,1
DA:104,1
DA:106,1
DA:107,1
DA:109,1
DA:149,1
DA:150,1
DA:154,1
DA:155,1
DA:156,1
DA:157,1
DA:159,1
DA:160,1
DA:166,1
DA:169,1
DA:170,1
DA:171,1
DA:172,1
DA:176,1
DA:177,1
DA:200,1
DA:203,1
DA:205,1
DA:206,1
DA:207,1
DA:208,1
DA:210,1
DA:212,1
DA:215,1
DA:218,1
DA:221,1
DA:222,1
DA:224,1
DA:225,1
DA:226,1
DA:227,1
DA:228,1
DA:233,1
DA:234,1
DA:236,1
DA:237,1
DA:238,1
DA:240,1
DA:243,1
DA:244,1
DA:245,1
DA:250,1
DA:252,1
DA:254,1
DA:255,1
DA:257,1
DA:258,1
DA:264,1
DA:265,1
DA:266,1
DA:267,1
DA:270,1
DA:271,1
DA:276,1
DA:277,1
DA:284,1
DA:285,1
DA:288,1
DA:290,1
DA:292,1
DA:293,1
DA:295,1
DA:296,1
DA:302,1
DA:303,1
DA:304,1
DA:307,1
DA:308,1
DA:313,1
DA:314,1
DA:336,1
DA:343,1
DA:345,1
DA:352,1
DA:353,1
DA:354,1
DA:357,1
DA:358,1
DA:361,1
DA:362,1
DA:365,1
DA:366,1
DA:369,1
DA:372,1
DA:373,0
DA:376,1
DA:377,1
DA:378,1
DA:379,1
DA:380,1
DA:381,1
DA:382,1
DA:384,1
DA:386,1
DA:387,1
DA:388,1
DA:389,1
DA:390,1
DA:391,1
DA:392,1
DA:393,1
DA:394,1
DA:395,1
DA:397,1
DA:399,1
DA:400,1
DA:401,1
DA:402,1
DA:403,1
DA:405,1
DA:406,1
DA:408,1
DA:410,1
DA:413,1
DA:415,1
DA:416,1
DA:417,1
DA:420,1
DA:421,1
DA:423,1
DA:595,1
DA:598,1
DA:600,0
DA:616,0
DA:617,0
DA:618,0
DA:625,0
DA:626,0
DA:627,0
DA:637,1
DA:645,1
DA:646,1
DA:647,1
DA:649,1
DA:651,1
DA:655,1
DA:656,1
DA:660,1
DA:661,1
DA:665,1
DA:666,1
DA:667,1
DA:670,1
DA:674,1
DA:684,1
DA:686,1
DA:690,1
DA:693,1
DA:694,1
DA:698,1
DA:701,1
DA:704,1
DA:711,1
DA:717,1
DA:725,1
DA:726,1
DA:730,1
DA:732,1
DA:734,1
DA:735,1
DA:738,1
DA:739,1
DA:743,1
DA:744,1
DA:746,1
DA:749,1
DA:750,1
DA:751,1
DA:752,1
DA:753,1
DA:756,1
DA:759,1
DA:762,1
DA:767,1
DA:768,1
DA:771,1
DA:772,1
DA:773,1
DA:778,1
DA:779,1
DA:782,1
DA:783,1
DA:787,1
DA:797,1
DA:802,1
DA:805,1
DA:806,1
DA:807,1
DA:808,1
DA:809,1
DA:810,1
DA:811,1
DA:812,1
DA:813,1
DA:814,1
DA:815,1
DA:817,1
DA:818,1
DA:821,1
DA:824,1
DA:826,1
DA:828,1
DA:829,1
DA:831,1
DA:832,1
DA:833,1
DA:834,1
DA:836,1
DA:877,1
LF:227
LH:219
FN:102,104,Qos.__init__
FNDA:1,Qos.__init__
FN:107,147,Qos.get_profile_fields
FNDA:1,Qos.get_profile_fields
FN:150,174,Qos.create
FNDA:1,Qos.create
FN:177,274,Qos.update
FNDA:1,Qos.update
FN:277,311,Qos.delete
FNDA:1,Qos.delete
FN:314,741,Qos.show
FNDA:1,Qos.show
FN:376,382,Qos.show.get_set_value
FNDA:1,Qos.show.get_set_value
FN:384,395,Qos.show.format_tres_list
FNDA:1,Qos.show.format_tres_list
FN:397,406,Qos.show.get_nested
FNDA:1,Qos.show.get_nested
FN:744,826,Qos._prepare_template_data
FNDA:1,Qos._prepare_template_data
FN:749,753,Qos._prepare_template_data.get_set_value
FNDA:1,Qos._prepare_template_data.get_set_value
FN:805,815,Qos._prepare_template_data.format_tres
FNDA:1,Qos._prepare_template_data.format_tres
FN:829,877,Qos.generate_autocomplete_options
FNDA:1,Qos.generate_autocomplete_options
FNF:13
FNH:13
end_of_record
SF:src/slurm_cli/utils/reservations.py
DA:3,1
DA:4,1
DA:5,1
DA:6,1
DA:8,1
DA:10,1
DA:11,1
DA:18,1
DA:21,1
DA:22,1
DA:25,1
DA:30,1
DA:31,1
DA:33,1
DA:49,1
DA:133,1
DA:134,1
DA:135,1
DA:137,1
DA:138,1
DA:140,1
DA:141,1
DA:142,1
DA:144,1
DA:145,1
DA:149,1
DA:150,1
DA:151,1
DA:152,1
DA:153,0
DA:154,1
DA:157,1
DA:158,1
DA:162,1
DA:163,1
DA:167,1
DA:168,1
DA:169,1
DA:172,1
DA:180,1
DA:181,1
DA:187,1
DA:188,1
DA:189,1
DA:190,1
DA:195,1
DA:196,1
DA:201,1
DA:202,1
DA:206,1
DA:207,1
DA:208,1
DA:209,1
DA:210,1
DA:211,1
DA:214,1
DA:215,1
DA:216,1
DA:219,1
DA:220,1
DA:221,1
DA:224,1
DA:231,1
DA:232,1
DA:238,1
DA:239,1
DA:240,1
DA:241,1
DA:245,1
DA:246,1
DA:251,1
DA:252,1
DA:254,1
DA:259,1
DA:260,1
DA:266,1
DA:267,1
DA:268,1
DA:272,1
DA:273,1
DA:278,1
DA:279,1
DA:291,1
DA:294,1
DA:295,1
DA:296,1
DA:297,1
DA:298,1
DA:299,1
DA:302,1
DA:303,0
DA:304,0
DA:305,0
DA:307,1
DA:308,1
DA:309,1
DA:310,1
DA:312,1
DA:313,1
DA:314,1
DA:315,1
DA:317,1
DA:318,0
DA:321,0
DA:324,0
DA:326,1
DA:327,1
DA:330,1
DA:333,1
DA:335,1
DA:336,1
DA:338,1
DA:339,1
DA:340,0
DA:341,0
DA:345,1
DA:346,1
DA:348,1
DA:349,1
DA:352,1
DA:353,1
DA:354,1
DA:357,1
DA:360,1
DA:361,1
DA:362,1
DA:365,1
DA:366,1
DA:370,1
DA:373,1
DA:374,1
DA:377,1
DA:380,1
DA:382,1
DA:384,1
DA:385,1
DA:393,1
DA:408,1
DA:415,1
DA:417,1
DA:418,1
DA:419,1
DA:420,1
DA:421,1
DA:422,1
DA:423,1
DA:424,1
DA:425,1
DA:426,1
DA:427,1
DA:428,1
DA:430,0
DA:432,1
DA:433,1
DA:434,1
DA:436,1
DA:437,1
DA:439,1
DA:441,1
DA:442,1
DA:444,1
DA:445,1
DA:446,1
DA:447,1
DA:448,1
DA:449,1
DA:450,1
DA:452,1
DA:454,1
DA:455,1
DA:457,1
DA:458,1
DA:459,1
DA:460,1
DA:461,1
DA:463,1
DA:464,1
DA:466,1
DA:467,1
DA:468,1
DA:469,1
DA:470,1
DA:471,1
DA:472,1
DA:473,1
DA:474,1
DA:475,1
DA:476,1
DA:477,1
DA:478,1
DA:480,1
DA:481,1
DA:482,1
DA:483,1
DA:488,1
DA:494,1
DA:495,1
DA:496,1
DA:497,1
DA:498,1
DA:499,1
DA:500,1
DA:501,1
DA:502,1
DA:503,1
DA:508,1
DA:509,1
DA:511,1
DA:512,1
DA:513,1
DA:514,1
DA:515,1
DA:516,1
DA:518,1
DA:519,1
DA:560,1
DA:564,1
DA:568,1
DA:569,1
DA:570,1
DA:573,1
DA:574,1
DA:576,1
DA:577,1
DA:584,1
DA:655,1
LF:226
LH:216
FN:31,47,Reservation.get_profile_fields
FNDA:1,Reservation.get_profile_fields
FN:133,135,Reservation.__init__
FNDA:1,Reservation.__init__
FN:138,142,Reservation.max_width
FNDA:1,Reservation.max_width
FN:145,199,Reservation.create
FNDA:1,Reservation.create
FN:202,249,Reservation.update
FNDA:1,Reservation.update
FN:252,276,Reservation.delete
FNDA:1,Reservation.delete
FN:279,343,Reservation.show
FNDA:1,Reservation.show
FN:346,382,Reservation._prepare_template_data
FNDA:1,Reservation._prepare_template_data
FN:385,434,Reservation._show_csv
FNDA:1,Reservation._show_csv
FN:437,439,Reservation.tm2str
FNDA:1,Reservation.tm2str
FN:442,452,Reservation.delta2str
FNDA:1,Reservation.delta2str
FN:455,461,Reservation._get_timestamp
FNDA:1,Reservation._get_timestamp
FN:464,516,Reservation.print_one_pretty
FNDA:1,Reservation.print_one_pretty
FN:519,655,Reservation.generate_autocomplete_options
FNDA:1,Reservation.generate_autocomplete_options
FNF:14
FNH:14
end_of_record
SF:src/slurm_cli/utils/resources.py
DA:1,1
DA:2,1
DA:3,1
DA:4,1
DA:5,1
DA:8,1
DA:10,1
DA:12,1
DA:15,1
DA:18,1
DA:19,1
DA:20,1
DA:21,1
DA:33,1
DA:46,1
DA:59,1
DA:60,1
DA:62,1
DA:64,1
DA:65,1
DA:69,1
DA:70,1
DA:71,1
DA:72,1
DA:73,1
DA:76,1
DA:77,1
DA:78,1
DA:81,1
DA:82,1
DA:83,1
DA:86,1
DA:87,1
DA:88,1
DA:89,1
DA:90,1
DA:91,1
DA:94,1
DA:95,1
DA:96,1
DA:99,1
DA:100,1
DA:101,1
DA:104,1
DA:105,1
DA:106,1
DA:107,1
DA:108,1
DA:109,0
DA:110,1
DA:111,1
DA:112,1
DA:113,1
DA:114,1
DA:115,1
DA:116,1
DA:117,1
DA:118,1
DA:119,1
DA:120,1
DA:121,1
DA:122,1
DA:123,1
DA:125,1
DA:127,1
DA:128,1
DA:129,1
DA:130,1
DA:131,1
DA:132,1
DA:133,1
DA:134,1
DA:135,1
DA:139,1
DA:140,1
DA:141,1
DA:144,1
DA:145,1
DA:148,1
DA:149,1
DA:155,1
DA:156,1
DA:157,1
DA:158,1
DA:159,1
DA:160,1
DA:161,1
DA:162,1
DA:164,1
DA:165,1
DA:166,1
DA:168,1
DA:169,1
DA:175,1
DA:176,1
DA:177,1
DA:178,1
DA:179,1
DA:180,1
DA:181,1
DA:182,1
DA:186,1
DA:189,1
DA:195,1
DA:196,1
DA:198,1
DA:199,1
DA:204,1
DA:205,1
DA:206,1
DA:207,1
DA:209,1
DA:210,1
DA:211,1
DA:212,1
DA:213,1
DA:214,1
DA:215,1
DA:218,1
DA:219,1
DA:221,1
DA:222,1
DA:223,1
DA:229,1
DA:230,1
DA:231,1
DA:232,1
DA:237,1
DA:240,1
DA:241,0
DA:242,1
DA:243,1
DA:244,1
DA:245,1
DA:247,1
DA:248,1
DA:250,1
DA:251,1
DA:252,1
DA:258,1
DA:259,1
DA:260,1
DA:263,1
DA:264,0
DA:265,0
DA:266,0
DA:267,0
DA:269,1
DA:270,1
DA:279,1
DA:280,1
DA:281,1
DA:283,1
DA:284,1
DA:287,1
DA:288,1
DA:289,1
DA:290,1
DA:291,1
DA:292,1
DA:295,1
DA:296,1
DA:297,1
DA:300,1
DA:302,1
DA:303,1
DA:304,1
DA:305,1
DA:307,1
DA:310,1
DA:311,1
DA:313,1
LF:172
LH:166
FN:60,62,Resource.set_cache_timeout
FNDA:1,Resource.set_cache_timeout
FN:65,125,Resource.guess_resource_type
FNDA:1,Resource.guess_resource_type
FN:128,166,Resource.update_cache
FNDA:1,Resource.update_cache
FN:169,196,Resource.cached_resource
FNDA:1,Resource.cached_resource
FN:199,216,Resource.cached_resource_list
FNDA:1,Resource.cached_resource_list
FN:219,245,Resource.run_cmd_json
FNDA:1,Resource.run_cmd_json
FN:248,267,Resource.run_cmd
FNDA:1,Resource.run_cmd
FN:270,313,Resource.partitions2json
FNDA:1,Resource.partitions2json
FNF:8
FNH:8
end_of_record
SF:src/slurm_cli/utils/slurm_config.py
DA:3,1
DA:4,1
DA:6,1
DA:7,1
DA:8,1
DA:11,1
DA:12,1
DA:13,1
DA:14,1
DA:16,1
DA:17,1
DA:19,1
DA:21,1
DA:22,1
DA:28,1
DA:29,1
DA:30,1
DA:31,1
DA:32,1
DA:36,1
DA:37,1
DA:48,1
DA:51,1
DA:52,1
DA:53,1
DA:59,1
DA:60,1
DA:62,1
DA:68,1
DA:69,1
DA:70,1
DA:71,1
LF:32
LH:32
FN:12,14,Config.__init__
FNDA:1,Config.__init__
FN:17,34,Config.update
FNDA:1,Config.update
FN:37,73,Config.show
FNDA:1,Config.show
FNF:3
FNH:3
end_of_record
SF:src/slurm_cli/utils/users.py
DA:3,1
DA:4,1
DA:5,1
DA:7,1
DA:8,1
DA:10,1
DA:11,1
DA:12,1
DA:15,1
DA:27,1
DA:37,1
DA:48,1
DA:51,1
DA:53,1
DA:60,1
DA:67,1
DA:68,1
DA:69,1
DA:71,1
DA:72,1
DA:74,1
DA:86,1
DA:97,1
DA:98,1
DA:108,1
DA:117,1
DA:118,1
DA:120,1
DA:121,0
DA:124,1
DA:125,1
DA:127,1
DA:130,1
DA:140,1
DA:141,1
DA:148,1
DA:149,1
DA:152,1
DA:153,1
DA:154,1
DA:156,1
DA:159,1
DA:160,1
DA:161,1
DA:162,1
DA:164,0
DA:165,0
DA:166,1
DA:169,1
DA:172,1
DA:173,0
DA:175,1
DA:177,1
DA:178,1
DA:180,1
DA:182,1
DA:183,0
DA:184,0
DA:185,0
DA:186,0
DA:187,0
DA:189,1
DA:195,1
DA:196,0
DA:199,1
DA:200,1
DA:201,1
DA:203,1
DA:204,1
DA:206,1
DA:207,1
DA:208,1
DA:209,1
DA:219,1
DA:220,1
DA:221,1
DA:222,1
DA:223,1
DA:225,1
DA:348,1
DA:350,1
DA:351,1
DA:355,1
DA:356,1
DA:357,1
DA:358,1
DA:360,1
DA:361,1
DA:367,1
DA:370,1
DA:371,1
DA:372,1
DA:373,1
DA:377,1
DA:378,1
DA:401,1
DA:404,1
DA:406,1
DA:407,1
DA:408,1
DA:409,1
DA:411,1
DA:413,1
DA:416,1
DA:419,1
DA:422,1
DA:423,1
DA:425,1
DA:426,1
DA:427,1
DA:428,1
DA:429,1
DA:434,1
DA:435,1
DA:437,1
DA:438,1
DA:439,1
DA:441,1
DA:444,1
DA:445,0
DA:448,1
DA:449,1
DA:450,1
DA:455,1
DA:458,1
DA:459,0
DA:465,1
DA:467,1
DA:468,1
DA:470,1
DA:471,1
DA:477,1
DA:478,1
DA:479,1
DA:480,1
DA:483,1
DA:484,1
DA:489,1
DA:490,1
DA:497,1
DA:498,1
DA:500,1
DA:501,1
DA:507,1
DA:510,1
DA:511,1
DA:512,1
DA:513,1
DA:517,1
DA:518,1
DA:541,1
DA:543,1
DA:550,1
DA:551,1
DA:552,1
DA:555,1
DA:556,1
DA:559,1
DA:561,1
DA:562,0
DA:563,0
DA:564,0
DA:569,0
DA:570,0
DA:574,0
DA:577,1
DA:578,1
DA:579,0
DA:582,0
DA:585,1
DA:594,1
DA:595,0
DA:597,1
DA:599,1
DA:600,1
DA:601,1
DA:603,1
DA:606,1
DA:609,1
DA:610,1
DA:613,1
DA:616,1
DA:619,1
DA:620,1
DA:621,1
DA:626,1
DA:627,1
DA:630,1
DA:631,0
DA:633,1
DA:635,1
DA:637,1
DA:638,1
LF:193
LH:171
FN:67,69,User.__init__
FNDA:1,User.__init__
FN:72,83,User.get_profile_fields
FNDA:1,User.get_profile_fields
FN:98,127,User._get_column_config
FNDA:1,User._get_column_config
FN:141,175,User._match_filter
FNDA:1,User._match_filter
FN:178,201,User._format_value
FNDA:1,User._format_value
FN:204,348,User.generate_autocomplete_options
FNDA:1,User.generate_autocomplete_options
FN:351,375,User.create
FNDA:1,User.create
FN:378,487,User.update
FNDA:1,User.update
FN:490,515,User.delete
FNDA:1,User.delete
FN:518,640,User.show
FNDA:1,User.show
FNF:10
FNH:10
end_of_record
SF:src/slurm_cli/utils/utils.py
DA:1,1
DA:2,1
DA:4,1
DA:21,1
LF:4
LH:4
end_of_record
